-----------------------------------------------------------
Server listening on 10021 (test #1)
-----------------------------------------------------------
Accepted connection from 192.168.2.2, port 41434
[  6] local 192.168.3.2 port 10021 connected to 192.168.2.2 port 41442
[ ID] Interval           Transfer     Bitrate
[  6]   0.00-1.00   sec  1.38 MBytes  11.5 Mbits/sec                  
[  6]   1.00-2.00   sec   640 KBytes  5.24 Mbits/sec                  
[  6]   2.00-3.00   sec   128 KBytes  1.05 Mbits/sec                  
[  6]   3.00-4.00   sec   256 KBytes  2.10 Mbits/sec                  
[  6]   4.00-5.00   sec   128 KBytes  1.05 Mbits/sec                  
[  6]   5.00-6.00   sec  0.00 Bytes  0.00 bits/sec                  
[  6]   6.00-7.00   sec  0.00 Bytes  0.00 bits/sec                  
[  6]   7.00-8.00   sec  0.00 Bytes  0.00 bits/sec                  
[  6]   8.00-9.00   sec  0.00 Bytes  0.00 bits/sec                  
[  6]   9.00-10.00  sec  0.00 Bytes  0.00 bits/sec                  
[  6]  10.00-11.00  sec  0.00 Bytes  0.00 bits/sec                  
[  6]  11.00-12.00  sec  0.00 Bytes  0.00 bits/sec                  
[  6]  12.00-13.00  sec  0.00 Bytes  0.00 bits/sec                  
[  6]  13.00-14.00  sec  0.00 Bytes  0.00 bits/sec                  
[  6]  14.00-15.00  sec  0.00 Bytes  0.00 bits/sec                  
[  6]  15.00-16.00  sec  0.00 Bytes  0.00 bits/sec                  
[  6]  16.00-17.00  sec  0.00 Bytes  0.00 bits/sec                  
[  6]  17.00-18.00  sec  0.00 Bytes  0.00 bits/sec                  
[  6]  18.00-19.00  sec  0.00 Bytes  0.00 bits/sec                  
[  6]  19.00-20.00  sec  0.00 Bytes  0.00 bits/sec                  
[  6]  20.00-21.00  sec  0.00 Bytes  0.00 bits/sec                  
[  6]  21.00-22.00  sec  0.00 Bytes  0.00 bits/sec                  
[  6]  22.00-23.00  sec  0.00 Bytes  0.00 bits/sec                  
[  6]  23.00-24.00  sec  0.00 Bytes  0.00 bits/sec                  
[  6]  24.00-25.00  sec  0.00 Bytes  0.00 bits/sec                  
[  6]  25.00-26.00  sec  0.00 Bytes  0.00 bits/sec                  
[  6]  26.00-27.00  sec  0.00 Bytes  0.00 bits/sec                  
[  6]  27.00-28.00  sec  0.00 Bytes  0.00 bits/sec                  
[  6]  28.00-29.00  sec  0.00 Bytes  0.00 bits/sec                  
[  6]  29.00-30.00  sec  0.00 Bytes  0.00 bits/sec                  
[  6]  30.00-31.00  sec  0.00 Bytes  0.00 bits/sec                  
[  6]  31.00-32.00  sec  0.00 Bytes  0.00 bits/sec                  
[  6]  32.00-33.00  sec  0.00 Bytes  0.00 bits/sec                  
[  6]  33.00-34.00  sec  0.00 Bytes  0.00 bits/sec                  
[  6]  34.00-35.00  sec  0.00 Bytes  0.00 bits/sec                  
[  6]  35.00-36.00  sec  0.00 Bytes  0.00 bits/sec                  
[  6]  36.00-37.00  sec  0.00 Bytes  0.00 bits/sec                  
[  6]  37.00-38.00  sec  0.00 Bytes  0.00 bits/sec                  
[  6]  38.00-39.00  sec  0.00 Bytes  0.00 bits/sec                  
[  6]  39.00-40.00  sec  0.00 Bytes  0.00 bits/sec                  
[  6]  40.00-41.00  sec  0.00 Bytes  0.00 bits/sec                  
[  6]  41.00-42.00  sec  0.00 Bytes  0.00 bits/sec                  
[  6]  42.00-43.00  sec  0.00 Bytes  0.00 bits/sec                  
[  6]  43.00-44.00  sec  0.00 Bytes  0.00 bits/sec                  
[  6]  44.00-45.00  sec  0.00 Bytes  0.00 bits/sec                  
[  6]  45.00-46.00  sec  0.00 Bytes  0.00 bits/sec                  
[  6]  46.00-47.00  sec  0.00 Bytes  0.00 bits/sec                  
[  6]  47.00-48.00  sec  0.00 Bytes  0.00 bits/sec                  
[  6]  48.00-49.00  sec  0.00 Bytes  0.00 bits/sec                  
[  6]  49.00-50.00  sec  0.00 Bytes  0.00 bits/sec                  
[  6]  50.00-51.00  sec  0.00 Bytes  0.00 bits/sec                  
[  6]  51.00-52.00  sec  0.00 Bytes  0.00 bits/sec                  
[  6]  52.00-53.00  sec  0.00 Bytes  0.00 bits/sec                  
[  6]  53.00-54.00  sec  0.00 Bytes  0.00 bits/sec                  
[  6]  54.00-55.00  sec  0.00 Bytes  0.00 bits/sec                  
[  6]  55.00-56.00  sec  0.00 Bytes  0.00 bits/sec                  
[  6]  56.00-57.00  sec  0.00 Bytes  0.00 bits/sec                  
[  6]  57.00-58.00  sec  0.00 Bytes  0.00 bits/sec                  
[  6]  58.00-59.00  sec  0.00 Bytes  0.00 bits/sec                  
[  6]  59.00-60.00  sec  0.00 Bytes  0.00 bits/sec                  
[  6]  60.00-61.00  sec  0.00 Bytes  0.00 bits/sec                  
[  6]  61.00-62.00  sec  0.00 Bytes  0.00 bits/sec                  
[  6]  62.00-63.00  sec  0.00 Bytes  0.00 bits/sec                  
[  6]  63.00-64.00  sec  0.00 Bytes  0.00 bits/sec                  
[  6]  64.00-65.00  sec  0.00 Bytes  0.00 bits/sec                  
[  6]  65.00-66.00  sec  0.00 Bytes  0.00 bits/sec                  
[  6]  66.00-67.00  sec  0.00 Bytes  0.00 bits/sec                  
[  6]  67.00-68.00  sec  0.00 Bytes  0.00 bits/sec                  
[  6]  68.00-69.00  sec  0.00 Bytes  0.00 bits/sec                  
[  6]  69.00-70.00  sec  0.00 Bytes  0.00 bits/sec                  
[  6]  70.00-71.00  sec  0.00 Bytes  0.00 bits/sec                  
[  6]  71.00-72.00  sec  0.00 Bytes  0.00 bits/sec                  
[  6]  72.00-73.00  sec  0.00 Bytes  0.00 bits/sec                  
[  6]  73.00-74.00  sec  0.00 Bytes  0.00 bits/sec                  
[  6]  74.00-74.96  sec  0.00 Bytes  0.00 bits/sec                  
- - - - - - - - - - - - - - - - - - - - - - - - -
[ ID] Interval           Transfer     Bitrate
[  6]   0.00-74.96  sec  2.50 MBytes   280 Kbits/sec                  receiver
iperf3: interrupt - the server has terminated by signal Interrupt(2)
-----------------------------------------------------------
Server listening on 10021 (test #1)
-----------------------------------------------------------
iperf3: interrupt - the server has terminated by signal Interrupt(2)
-----------------------------------------------------------
Server listening on 10021 (test #1)
-----------------------------------------------------------
Accepted connection from 192.168.2.2, port 57912
[  6] local 192.168.3.2 port 10021 connected to 192.168.2.2 port 57918
[ ID] Interval           Transfer     Bitrate
[  6]   0.00-1.00   sec  1.75 MBytes  14.7 Mbits/sec                  
[  6]   1.00-2.00   sec   896 KBytes  7.34 Mbits/sec                  
[  6]   2.00-3.00   sec   128 KBytes  1.05 Mbits/sec                  
[  6]   3.00-4.00   sec  0.00 Bytes  0.00 bits/sec                  
[  6]   4.00-5.00   sec  0.00 Bytes  0.00 bits/sec                  
[  6]   5.00-6.00   sec  0.00 Bytes  0.00 bits/sec                  
[  6]   6.00-7.00   sec  0.00 Bytes  0.00 bits/sec                  
[  6]   7.00-8.00   sec  0.00 Bytes  0.00 bits/sec                  
[  6]   8.00-9.00   sec  0.00 Bytes  0.00 bits/sec                  
[  6]   9.00-10.00  sec  0.00 Bytes  0.00 bits/sec                  
[  6]  10.00-11.00  sec  0.00 Bytes  0.00 bits/sec                  
[  6]  11.00-12.00  sec  0.00 Bytes  0.00 bits/sec                  
[  6]  12.00-13.00  sec  0.00 Bytes  0.00 bits/sec                  
[  6]  13.00-14.00  sec  0.00 Bytes  0.00 bits/sec                  
[  6]  14.00-15.00  sec  0.00 Bytes  0.00 bits/sec                  
[  6]  15.00-16.00  sec  0.00 Bytes  0.00 bits/sec                  
[  6]  16.00-17.00  sec  0.00 Bytes  0.00 bits/sec                  
[  6]  17.00-18.00  sec  0.00 Bytes  0.00 bits/sec                  
[  6]  18.00-19.00  sec  0.00 Bytes  0.00 bits/sec                  
[  6]  19.00-20.00  sec  0.00 Bytes  0.00 bits/sec                  
[  6]  20.00-21.00  sec  0.00 Bytes  0.00 bits/sec                  
[  6]  21.00-22.00  sec  0.00 Bytes  0.00 bits/sec                  
[  6]  22.00-23.00  sec  0.00 Bytes  0.00 bits/sec                  
[  6]  23.00-24.00  sec  0.00 Bytes  0.00 bits/sec                  
[  6]  24.00-25.00  sec  0.00 Bytes  0.00 bits/sec                  
[  6]  25.00-26.00  sec  0.00 Bytes  0.00 bits/sec                  
[  6]  26.00-27.00  sec  0.00 Bytes  0.00 bits/sec                  
[  6]  27.00-28.00  sec  0.00 Bytes  0.00 bits/sec                  
[  6]  28.00-29.00  sec  0.00 Bytes  0.00 bits/sec                  
[  6]  29.00-30.00  sec  0.00 Bytes  0.00 bits/sec                  
[  6]  30.00-31.00  sec  0.00 Bytes  0.00 bits/sec                  
[  6]  31.00-32.00  sec  0.00 Bytes  0.00 bits/sec                  
[  6]  32.00-33.00  sec  0.00 Bytes  0.00 bits/sec                  
[  6]  33.00-34.00  sec  0.00 Bytes  0.00 bits/sec                  
[  6]  34.00-35.00  sec  0.00 Bytes  0.00 bits/sec                  
[  6]  35.00-36.00  sec  0.00 Bytes  0.00 bits/sec                  
[  6]  36.00-37.00  sec  0.00 Bytes  0.00 bits/sec                  
[  6]  37.00-38.00  sec  0.00 Bytes  0.00 bits/sec                  
[  6]  38.00-39.00  sec  0.00 Bytes  0.00 bits/sec                  
[  6]  39.00-40.00  sec  0.00 Bytes  0.00 bits/sec                  
[  6]  40.00-41.00  sec  0.00 Bytes  0.00 bits/sec                  
[  6]  41.00-42.00  sec  0.00 Bytes  0.00 bits/sec                  
[  6]  42.00-43.00  sec  0.00 Bytes  0.00 bits/sec                  
[  6]  43.00-44.00  sec  0.00 Bytes  0.00 bits/sec                  
[  6]  44.00-45.00  sec  0.00 Bytes  0.00 bits/sec                  
[  6]  45.00-46.00  sec  0.00 Bytes  0.00 bits/sec                  
[  6]  46.00-47.00  sec  0.00 Bytes  0.00 bits/sec                  
[  6]  47.00-48.00  sec  0.00 Bytes  0.00 bits/sec                  
[  6]  48.00-49.00  sec  0.00 Bytes  0.00 bits/sec                  
[  6]  49.00-50.00  sec  0.00 Bytes  0.00 bits/sec                  
[  6]  50.00-51.00  sec  0.00 Bytes  0.00 bits/sec                  
[  6]  51.00-52.00  sec  0.00 Bytes  0.00 bits/sec                  
[  6]  52.00-53.00  sec  0.00 Bytes  0.00 bits/sec                  
[  6]  53.00-54.00  sec  0.00 Bytes  0.00 bits/sec                  
[  6]  54.00-55.00  sec  0.00 Bytes  0.00 bits/sec                  
[  6]  55.00-56.00  sec  0.00 Bytes  0.00 bits/sec                  
[  6]  56.00-57.00  sec  0.00 Bytes  0.00 bits/sec                  
[  6]  57.00-58.00  sec  0.00 Bytes  0.00 bits/sec                  
[  6]  58.00-59.00  sec  0.00 Bytes  0.00 bits/sec                  
[  6]  59.00-60.00  sec  0.00 Bytes  0.00 bits/sec                  
[  6]  60.00-61.00  sec  0.00 Bytes  0.00 bits/sec                  
[  6]  61.00-62.00  sec  0.00 Bytes  0.00 bits/sec                  
[  6]  62.00-63.00  sec  0.00 Bytes  0.00 bits/sec                  
[  6]  63.00-64.00  sec  0.00 Bytes  0.00 bits/sec                  
[  6]  64.00-65.00  sec  0.00 Bytes  0.00 bits/sec                  
[  6]  65.00-66.00  sec  0.00 Bytes  0.00 bits/sec                  
[  6]  66.00-67.00  sec  0.00 Bytes  0.00 bits/sec                  
[  6]  67.00-68.00  sec  0.00 Bytes  0.00 bits/sec                  
[  6]  68.00-69.00  sec  0.00 Bytes  0.00 bits/sec                  
[  6]  69.00-70.00  sec  0.00 Bytes  0.00 bits/sec                  
[  6]  70.00-71.00  sec  0.00 Bytes  0.00 bits/sec                  
[  6]  71.00-72.00  sec  0.00 Bytes  0.00 bits/sec                  
[  6]  72.00-73.00  sec  0.00 Bytes  0.00 bits/sec                  
[  6]  73.00-74.00  sec  0.00 Bytes  0.00 bits/sec                  
[  6]  74.00-75.00  sec  0.00 Bytes  0.00 bits/sec                  
[  6]  75.00-76.00  sec  0.00 Bytes  0.00 bits/sec                  
[  6]  76.00-77.00  sec  0.00 Bytes  0.00 bits/sec                  
[  6]  77.00-78.00  sec  0.00 Bytes  0.00 bits/sec                  
[  6]  78.00-79.00  sec  0.00 Bytes  0.00 bits/sec                  
[  6]  79.00-80.00  sec  0.00 Bytes  0.00 bits/sec                  
[  6]  80.00-81.00  sec  0.00 Bytes  0.00 bits/sec                  
[  6]  81.00-82.00  sec  0.00 Bytes  0.00 bits/sec                  
[  6]  82.00-83.00  sec  0.00 Bytes  0.00 bits/sec                  
[  6]  83.00-84.00  sec  0.00 Bytes  0.00 bits/sec                  
[  6]  84.00-85.00  sec  0.00 Bytes  0.00 bits/sec                  
[  6]  85.00-86.00  sec  0.00 Bytes  0.00 bits/sec                  
[  6]  86.00-87.00  sec  0.00 Bytes  0.00 bits/sec                  
[  6]  87.00-88.00  sec  0.00 Bytes  0.00 bits/sec                  
[  6]  88.00-89.00  sec  0.00 Bytes  0.00 bits/sec                  
[  6]  89.00-90.00  sec  0.00 Bytes  0.00 bits/sec                  
[  6]  90.00-91.00  sec  0.00 Bytes  0.00 bits/sec                  
[  6]  91.00-92.00  sec  0.00 Bytes  0.00 bits/sec                  
[  6]  92.00-93.00  sec  0.00 Bytes  0.00 bits/sec                  
[  6]  93.00-94.00  sec  0.00 Bytes  0.00 bits/sec                  
[  6]  94.00-95.00  sec  0.00 Bytes  0.00 bits/sec                  
[  6]  95.00-96.00  sec  0.00 Bytes  0.00 bits/sec                  
[  6]  96.00-97.00  sec  0.00 Bytes  0.00 bits/sec                  
[  6]  97.00-98.00  sec  0.00 Bytes  0.00 bits/sec                  
[  6]  98.00-99.00  sec  0.00 Bytes  0.00 bits/sec                  
[  6]  99.00-100.00 sec  0.00 Bytes  0.00 bits/sec                  
[  6] 100.00-101.00 sec  0.00 Bytes  0.00 bits/sec                  
[  6] 101.00-102.00 sec  0.00 Bytes  0.00 bits/sec                  
[  6] 102.00-103.00 sec  0.00 Bytes  0.00 bits/sec                  
[  6] 103.00-104.00 sec  0.00 Bytes  0.00 bits/sec                  
[  6] 104.00-105.00 sec  0.00 Bytes  0.00 bits/sec                  
[  6] 105.00-106.00 sec  0.00 Bytes  0.00 bits/sec                  
[  6] 106.00-107.00 sec  0.00 Bytes  0.00 bits/sec                  
[  6] 107.00-108.00 sec  0.00 Bytes  0.00 bits/sec                  
[  6] 108.00-109.00 sec  0.00 Bytes  0.00 bits/sec                  
[  6] 109.00-110.00 sec  0.00 Bytes  0.00 bits/sec                  
[  6] 110.00-111.00 sec  0.00 Bytes  0.00 bits/sec                  
[  6] 111.00-112.00 sec  0.00 Bytes  0.00 bits/sec                  
[  6] 112.00-113.00 sec  0.00 Bytes  0.00 bits/sec                  
[  6] 113.00-114.00 sec  0.00 Bytes  0.00 bits/sec                  
[  6] 114.00-115.00 sec  0.00 Bytes  0.00 bits/sec                  
[  6] 115.00-116.00 sec  0.00 Bytes  0.00 bits/sec                  
[  6] 116.00-117.00 sec  0.00 Bytes  0.00 bits/sec                  
[  6] 117.00-118.00 sec  0.00 Bytes  0.00 bits/sec                  
[  6] 118.00-119.00 sec  0.00 Bytes  0.00 bits/sec                  
[  6] 119.00-120.00 sec  0.00 Bytes  0.00 bits/sec                  
[  6] 120.00-121.00 sec  0.00 Bytes  0.00 bits/sec                  
[  6] 121.00-122.00 sec  0.00 Bytes  0.00 bits/sec                  
[  6] 122.00-123.00 sec  0.00 Bytes  0.00 bits/sec                  
iperf3: error - idle timeout for receiving data
-----------------------------------------------------------
Server listening on 10021 (test #2)
-----------------------------------------------------------
iperf3: interrupt - the server has terminated by signal Interrupt(2)
-----------------------------------------------------------
Server listening on 10021 (test #1)
-----------------------------------------------------------
iperf3: interrupt - the server has terminated by signal Interrupt(2)
-----------------------------------------------------------
Server listening on 10021 (test #1)
-----------------------------------------------------------
iperf3: interrupt - the server has terminated by signal Interrupt(2)
-----------------------------------------------------------
Server listening on 10021 (test #1)
-----------------------------------------------------------
Accepted connection from 192.168.2.2, port 53806
[  6] local 192.168.3.2 port 10021 connected to 192.168.2.2 port 53814
[ ID] Interval           Transfer     Bitrate
[  6]   0.00-1.00   sec  1.38 MBytes  11.5 Mbits/sec                  
[  6]   1.00-2.00   sec   768 KBytes  6.30 Mbits/sec                  
[  6]   2.00-3.00   sec   128 KBytes  1.05 Mbits/sec                  
[  6]   3.00-4.00   sec  0.00 Bytes  0.00 bits/sec                  
[  6]   4.00-5.00   sec  0.00 Bytes  0.00 bits/sec                  
[  6]   5.00-6.00   sec  0.00 Bytes  0.00 bits/sec                  
[  6]   6.00-7.00   sec  0.00 Bytes  0.00 bits/sec                  
[  6]   7.00-8.00   sec  0.00 Bytes  0.00 bits/sec                  
[  6]   8.00-9.00   sec  0.00 Bytes  0.00 bits/sec                  
[  6]   9.00-10.00  sec  0.00 Bytes  0.00 bits/sec                  
[  6]  10.00-11.00  sec  0.00 Bytes  0.00 bits/sec                  
[  6]  11.00-11.39  sec  0.00 Bytes  0.00 bits/sec                  
- - - - - - - - - - - - - - - - - - - - - - - - -
[ ID] Interval           Transfer     Bitrate
[  6]   0.00-11.39  sec  2.25 MBytes  1.66 Mbits/sec                  receiver
iperf3: interrupt - the server has terminated by signal Interrupt(2)
-----------------------------------------------------------
Server listening on 10021 (test #1)
-----------------------------------------------------------
Accepted connection from 192.168.2.2, port 36150
[  6] local 192.168.3.2 port 10021 connected to 192.168.2.2 port 36154
[ ID] Interval           Transfer     Bitrate
[  6]   0.00-1.00   sec  1.62 MBytes  13.6 Mbits/sec                  
[  6]   1.00-2.00   sec  2.00 MBytes  16.8 Mbits/sec                  
[  6]   2.00-3.00   sec  1.88 MBytes  15.7 Mbits/sec                  
[  6]   3.00-4.00   sec  1.88 MBytes  15.7 Mbits/sec                  
[  6]   4.00-5.00   sec  2.25 MBytes  18.9 Mbits/sec                  
[  6]   5.00-6.00   sec  2.25 MBytes  18.9 Mbits/sec                  
[  6]   6.00-7.00   sec  1.88 MBytes  15.7 Mbits/sec                  
[  6]   7.00-8.00   sec  2.12 MBytes  17.8 Mbits/sec                  
[  6]   8.00-9.00   sec  2.12 MBytes  17.8 Mbits/sec                  
[  6]   9.00-10.00  sec  1.75 MBytes  14.7 Mbits/sec                  
[  6]  10.00-11.00  sec  2.25 MBytes  18.9 Mbits/sec                  
[  6]  11.00-12.00  sec  2.25 MBytes  18.9 Mbits/sec                  
[  6]  12.00-13.00  sec  1.88 MBytes  15.7 Mbits/sec                  
[  6]  13.00-14.00  sec  2.25 MBytes  18.9 Mbits/sec                  
[  6]  14.00-15.00  sec  2.25 MBytes  18.9 Mbits/sec                  
[  6]  15.00-16.00  sec  1.88 MBytes  15.7 Mbits/sec                  
[  6]  16.00-17.00  sec  2.62 MBytes  22.0 Mbits/sec                  
[  6]  17.00-18.00  sec  2.62 MBytes  22.0 Mbits/sec                  
[  6]  18.00-19.00  sec  2.25 MBytes  18.9 Mbits/sec                  
[  6]  19.00-20.00  sec  2.62 MBytes  22.0 Mbits/sec                  
[  6]  20.00-21.00  sec  2.62 MBytes  22.0 Mbits/sec                  
[  6]  21.00-22.00  sec  2.12 MBytes  17.8 Mbits/sec                  
[  6]  22.00-23.00  sec  2.75 MBytes  23.1 Mbits/sec                  
[  6]  23.00-24.00  sec  2.62 MBytes  22.0 Mbits/sec                  
[  6]  24.00-25.00  sec  2.12 MBytes  17.8 Mbits/sec                  
[  6]  25.00-26.00  sec  2.62 MBytes  22.0 Mbits/sec                  
[  6]  26.00-27.00  sec  2.75 MBytes  23.1 Mbits/sec                  
[  6]  27.00-28.00  sec  2.12 MBytes  17.8 Mbits/sec                  
[  6]  28.00-29.00  sec  2.75 MBytes  23.1 Mbits/sec                  
[  6]  29.00-30.00  sec  2.50 MBytes  21.0 Mbits/sec                  
[  6]  30.00-31.00  sec  1.00 MBytes  8.39 Mbits/sec                  
[  6]  31.00-32.00  sec  0.00 Bytes  0.00 bits/sec                  
[  6]  32.00-33.00  sec  0.00 Bytes  0.00 bits/sec                  
[  6]  33.00-34.00  sec   128 KBytes  1.05 Mbits/sec                  
[  6]  34.00-35.00  sec  4.50 MBytes  37.7 Mbits/sec                  
[  6]  35.00-36.00  sec  4.00 MBytes  33.6 Mbits/sec                  
[  6]  36.00-37.00  sec  2.88 MBytes  24.1 Mbits/sec                  
[  6]  37.00-38.00  sec  6.38 MBytes  53.5 Mbits/sec                  
[  6]  38.00-39.00  sec  2.75 MBytes  23.1 Mbits/sec                  
[  6]  39.00-40.00  sec  2.38 MBytes  19.9 Mbits/sec                  
[  6]  40.00-41.00  sec  2.25 MBytes  18.9 Mbits/sec                  
[  6]  41.00-42.00  sec  2.62 MBytes  22.0 Mbits/sec                  
[  6]  42.00-43.00  sec  2.62 MBytes  22.0 Mbits/sec                  
[  6]  43.00-44.00  sec   384 KBytes  3.14 Mbits/sec                  
[  6]  44.00-45.00  sec  0.00 Bytes  0.00 bits/sec                  
[  6]  45.00-46.00  sec  0.00 Bytes  0.00 bits/sec                  
[  6]  46.00-47.00  sec  1.50 MBytes  12.6 Mbits/sec                  
[  6]  47.00-48.00  sec  4.12 MBytes  34.6 Mbits/sec                  
[  6]  48.00-49.00  sec  3.38 MBytes  28.3 Mbits/sec                  
[  6]  49.00-50.00  sec  7.50 MBytes  62.9 Mbits/sec                  
[  6]  50.00-51.00  sec  2.62 MBytes  22.0 Mbits/sec                  
[  6]  51.00-52.00  sec  2.75 MBytes  23.1 Mbits/sec                  
[  6]  52.00-53.00  sec  2.12 MBytes  17.8 Mbits/sec                  
[  6]  53.00-54.00  sec  2.62 MBytes  22.0 Mbits/sec                  
[  6]  54.00-55.00  sec  1.75 MBytes  14.7 Mbits/sec                  
[  6]  55.00-56.00  sec  1.25 MBytes  10.5 Mbits/sec                  
[  6]  56.00-57.00  sec  1.12 MBytes  9.44 Mbits/sec                  
[  6]  57.00-58.00  sec  1.50 MBytes  12.6 Mbits/sec                  
[  6]  58.00-59.00  sec  1.50 MBytes  12.6 Mbits/sec                  
[  6]  59.00-60.00  sec  1.12 MBytes  9.44 Mbits/sec                  
[  6]  60.00-61.00  sec  1.50 MBytes  12.6 Mbits/sec                  
[  6]  61.00-62.00  sec  1.75 MBytes  14.7 Mbits/sec                  
[  6]  62.00-63.00  sec  1.50 MBytes  12.6 Mbits/sec                  
[  6]  63.00-64.00  sec  2.00 MBytes  16.8 Mbits/sec                  
[  6]  64.00-65.00  sec  2.50 MBytes  21.0 Mbits/sec                  
[  6]  65.00-66.00  sec  2.00 MBytes  16.8 Mbits/sec                  
[  6]  66.00-67.00  sec  2.75 MBytes  23.1 Mbits/sec                  
[  6]  67.00-68.00  sec  2.62 MBytes  22.0 Mbits/sec                  
[  6]  68.00-69.00  sec  2.25 MBytes  18.9 Mbits/sec                  
[  6]  69.00-70.00  sec  2.62 MBytes  22.0 Mbits/sec                  
[  6]  70.00-71.00  sec  2.62 MBytes  22.0 Mbits/sec                  
[  6]  71.00-72.00  sec  2.25 MBytes  18.9 Mbits/sec                  
[  6]  72.00-73.00  sec  2.38 MBytes  19.9 Mbits/sec                  
[  6]  73.00-74.00  sec  2.50 MBytes  21.0 Mbits/sec                  
[  6]  74.00-75.00  sec  2.62 MBytes  22.0 Mbits/sec                  
[  6]  75.00-76.00  sec  2.12 MBytes  17.8 Mbits/sec                  
[  6]  76.00-77.00  sec  2.75 MBytes  23.1 Mbits/sec                  
[  6]  77.00-78.00  sec  2.62 MBytes  22.0 Mbits/sec                  
[  6]  78.00-79.00  sec  0.00 Bytes  0.00 bits/sec                  
[  6]  79.00-80.00  sec  0.00 Bytes  0.00 bits/sec                  
[  6]  80.00-81.00  sec  0.00 Bytes  0.00 bits/sec                  
[  6]  81.00-82.00  sec  0.00 Bytes  0.00 bits/sec                  
[  6]  82.00-83.00  sec  0.00 Bytes  0.00 bits/sec                  
[  6]  83.00-84.00  sec  0.00 Bytes  0.00 bits/sec                  
[  6]  84.00-85.00  sec  16.8 MBytes   140 Mbits/sec                  
[  6]  85.00-86.00  sec  2.62 MBytes  22.0 Mbits/sec                  
[  6]  86.00-87.00  sec  2.75 MBytes  23.1 Mbits/sec                  
[  6]  87.00-88.00  sec  2.12 MBytes  17.8 Mbits/sec                  
[  6]  88.00-89.00  sec  2.62 MBytes  22.0 Mbits/sec                  
[  6]  89.00-90.00  sec  2.50 MBytes  21.0 Mbits/sec                  
[  6]  90.00-91.00  sec  2.50 MBytes  21.0 Mbits/sec                  
[  6]  91.00-92.00  sec  2.25 MBytes  18.9 Mbits/sec                  
[  6]  92.00-93.00  sec  2.75 MBytes  23.1 Mbits/sec                  
[  6]  93.00-94.00  sec  2.62 MBytes  22.0 Mbits/sec                  
[  6]  94.00-95.00  sec  2.25 MBytes  18.9 Mbits/sec                  
[  6]  95.00-96.00  sec  2.62 MBytes  22.0 Mbits/sec                  
[  6]  96.00-97.00  sec  2.62 MBytes  22.0 Mbits/sec                  
[  6]  97.00-98.00  sec  1.75 MBytes  14.7 Mbits/sec                  
[  6]  98.00-99.00  sec  0.00 Bytes  0.00 bits/sec                  
[  6]  99.00-100.00 sec  0.00 Bytes  0.00 bits/sec                  
[  6] 100.00-101.00 sec  0.00 Bytes  0.00 bits/sec                  
[  6] 101.00-102.00 sec  0.00 Bytes  0.00 bits/sec                  
[  6] 102.00-103.00 sec  0.00 Bytes  0.00 bits/sec                  
[  6] 103.00-103.61 sec  0.00 Bytes  0.00 bits/sec                  
- - - - - - - - - - - - - - - - - - - - - - - - -
[ ID] Interval           Transfer     Bitrate
[  6]   0.00-103.61 sec   224 MBytes  18.2 Mbits/sec                  receiver
iperf3: interrupt - the server has terminated by signal Interrupt(2)
-----------------------------------------------------------
Server listening on 10021 (test #1)
-----------------------------------------------------------
Accepted connection from 192.168.2.2, port 56936
[  6] local 192.168.3.2 port 10021 connected to 192.168.2.2 port 56942
[ ID] Interval           Transfer     Bitrate
[  6]   0.00-1.00   sec  1.62 MBytes  13.6 Mbits/sec                  
[  6]   1.00-2.00   sec  2.00 MBytes  16.8 Mbits/sec                  
[  6]   2.00-3.00   sec  1.75 MBytes  14.7 Mbits/sec                  
[  6]   3.00-4.00   sec  1.62 MBytes  13.6 Mbits/sec                  
[  6]   4.00-5.00   sec  1.75 MBytes  14.7 Mbits/sec                  
[  6]   5.00-6.00   sec  2.25 MBytes  18.9 Mbits/sec                  
[  6]   6.00-7.00   sec  1.75 MBytes  14.7 Mbits/sec                  
[  6]   7.00-8.00   sec  2.00 MBytes  16.8 Mbits/sec                  
[  6]   8.00-9.00   sec  2.00 MBytes  16.8 Mbits/sec                  
[  6]   9.00-10.00  sec  1.75 MBytes  14.7 Mbits/sec                  
[  6]  10.00-11.00  sec  2.00 MBytes  16.8 Mbits/sec                  
[  6]  11.00-12.00  sec  2.00 MBytes  16.8 Mbits/sec                  
[  6]  12.00-13.00  sec  1.75 MBytes  14.7 Mbits/sec                  
[  6]  13.00-14.00  sec  2.00 MBytes  16.8 Mbits/sec                  
[  6]  14.00-15.00  sec  1.88 MBytes  15.7 Mbits/sec                  
[  6]  15.00-16.00  sec  1.75 MBytes  14.7 Mbits/sec                  
[  6]  16.00-17.00  sec  2.00 MBytes  16.8 Mbits/sec                  
[  6]  17.00-18.00  sec  2.00 MBytes  16.8 Mbits/sec                  
[  6]  18.00-19.00  sec  2.00 MBytes  16.8 Mbits/sec                  
[  6]  19.00-20.00  sec  1.62 MBytes  13.6 Mbits/sec                  
[  6]  20.00-21.00  sec  2.00 MBytes  16.8 Mbits/sec                  
[  6]  21.00-22.00  sec  2.00 MBytes  16.8 Mbits/sec                  
[  6]  22.00-23.00  sec  2.00 MBytes  16.8 Mbits/sec                  
[  6]  23.00-24.00  sec  1.75 MBytes  14.7 Mbits/sec                  
[  6]  24.00-25.00  sec  1.88 MBytes  15.7 Mbits/sec                  
[  6]  25.00-26.00  sec  2.12 MBytes  17.8 Mbits/sec                  
[  6]  26.00-27.00  sec  1.88 MBytes  15.7 Mbits/sec                  
[  6]  27.00-28.00  sec  1.88 MBytes  15.7 Mbits/sec                  
[  6]  28.00-29.00  sec  2.00 MBytes  16.8 Mbits/sec                  
[  6]  29.00-30.00  sec  2.00 MBytes  16.8 Mbits/sec                  
[  6]  30.00-31.00  sec  1.75 MBytes  14.7 Mbits/sec                  
[  6]  31.00-32.00  sec  2.00 MBytes  16.8 Mbits/sec                  
[  6]  32.00-33.00  sec  2.00 MBytes  16.8 Mbits/sec                  
[  6]  33.00-34.00  sec  2.00 MBytes  16.8 Mbits/sec                  
[  6]  34.00-35.00  sec  1.75 MBytes  14.7 Mbits/sec                  
[  6]  35.00-36.00  sec  2.00 MBytes  16.8 Mbits/sec                  
[  6]  36.00-37.00  sec  2.00 MBytes  16.8 Mbits/sec                  
[  6]  37.00-38.00  sec  2.00 MBytes  16.8 Mbits/sec                  
[  6]  38.00-39.00  sec  1.62 MBytes  13.6 Mbits/sec                  
[  6]  39.00-40.00  sec  2.00 MBytes  16.8 Mbits/sec                  
[  6]  40.00-41.00  sec  2.00 MBytes  16.8 Mbits/sec                  
[  6]  41.00-42.00  sec  2.00 MBytes  16.8 Mbits/sec                  
[  6]  42.00-43.00  sec  1.75 MBytes  14.7 Mbits/sec                  
[  6]  43.00-44.00  sec  2.00 MBytes  16.8 Mbits/sec                  
[  6]  44.00-45.00  sec  2.00 MBytes  16.8 Mbits/sec                  
[  6]  45.00-46.00  sec  1.75 MBytes  14.7 Mbits/sec                  
[  6]  46.00-47.00  sec  2.00 MBytes  16.8 Mbits/sec                  
[  6]  47.00-48.00  sec  2.00 MBytes  16.8 Mbits/sec                  
[  6]  48.00-49.00  sec  2.00 MBytes  16.8 Mbits/sec                  
[  6]  49.00-50.00  sec  1.62 MBytes  13.6 Mbits/sec                  
[  6]  50.00-51.00  sec  2.00 MBytes  16.8 Mbits/sec                  
[  6]  51.00-52.00  sec  2.00 MBytes  16.8 Mbits/sec                  
[  6]  52.00-53.00  sec  2.00 MBytes  16.8 Mbits/sec                  
[  6]  53.00-54.00  sec  1.75 MBytes  14.7 Mbits/sec                  
[  6]  54.00-55.00  sec  2.00 MBytes  16.8 Mbits/sec                  
[  6]  55.00-56.00  sec  1.88 MBytes  15.7 Mbits/sec                  
[  6]  56.00-57.00  sec  2.12 MBytes  17.8 Mbits/sec                  
[  6]  57.00-58.00  sec  1.75 MBytes  14.7 Mbits/sec                  
[  6]  58.00-59.00  sec  2.00 MBytes  16.8 Mbits/sec                  
[  6]  59.00-60.00  sec  2.00 MBytes  16.8 Mbits/sec                  
[  6]  60.00-61.00  sec  2.00 MBytes  16.8 Mbits/sec                  
[  6]  61.00-62.00  sec  1.75 MBytes  14.7 Mbits/sec                  
[  6]  62.00-63.00  sec  2.00 MBytes  16.8 Mbits/sec                  
[  6]  63.00-64.00  sec  2.00 MBytes  16.8 Mbits/sec                  
[  6]  64.00-65.00  sec  1.88 MBytes  15.7 Mbits/sec                  
[  6]  65.00-66.00  sec  1.88 MBytes  15.7 Mbits/sec                  
[  6]  66.00-67.00  sec  2.00 MBytes  16.8 Mbits/sec                  
[  6]  67.00-68.00  sec  2.00 MBytes  16.8 Mbits/sec                  
[  6]  68.00-69.00  sec  1.75 MBytes  14.7 Mbits/sec                  
[  6]  69.00-70.00  sec  2.00 MBytes  16.8 Mbits/sec                  
[  6]  70.00-71.00  sec  2.00 MBytes  16.8 Mbits/sec                  
[  6]  71.00-72.00  sec  2.00 MBytes  16.8 Mbits/sec                  
[  6]  72.00-73.00  sec  1.75 MBytes  14.7 Mbits/sec                  
[  6]  73.00-74.00  sec  2.00 MBytes  16.8 Mbits/sec                  
[  6]  74.00-75.00  sec  2.00 MBytes  16.8 Mbits/sec                  
[  6]  75.00-76.00  sec  2.00 MBytes  16.8 Mbits/sec                  
[  6]  76.00-77.00  sec  1.62 MBytes  13.6 Mbits/sec                  
[  6]  77.00-78.00  sec  2.00 MBytes  16.8 Mbits/sec                  
[  6]  78.00-79.00  sec  2.00 MBytes  16.8 Mbits/sec                  
[  6]  79.00-80.00  sec  2.00 MBytes  16.8 Mbits/sec                  
[  6]  80.00-81.00  sec  1.88 MBytes  15.7 Mbits/sec                  
[  6]  81.00-82.00  sec  2.00 MBytes  16.8 Mbits/sec                  
[  6]  82.00-83.00  sec  2.00 MBytes  16.8 Mbits/sec                  
[  6]  83.00-84.00  sec  1.75 MBytes  14.7 Mbits/sec                  
[  6]  84.00-85.00  sec  1.88 MBytes  15.7 Mbits/sec                  
[  6]  85.00-86.00  sec  2.00 MBytes  16.8 Mbits/sec                  
[  6]  86.00-87.00  sec  2.00 MBytes  16.8 Mbits/sec                  
[  6]  87.00-88.00  sec  1.75 MBytes  14.7 Mbits/sec                  
[  6]  88.00-89.00  sec  2.00 MBytes  16.8 Mbits/sec                  
[  6]  89.00-90.00  sec  2.00 MBytes  16.8 Mbits/sec                  
[  6]  90.00-91.00  sec  2.00 MBytes  16.8 Mbits/sec                  
[  6]  91.00-92.00  sec  1.75 MBytes  14.7 Mbits/sec                  
[  6]  92.00-93.00  sec  2.00 MBytes  16.8 Mbits/sec                  
[  6]  93.00-94.00  sec  2.00 MBytes  16.8 Mbits/sec                  
[  6]  94.00-95.00  sec  2.00 MBytes  16.8 Mbits/sec                  
[  6]  95.00-96.00  sec  1.62 MBytes  13.6 Mbits/sec                  
[  6]  96.00-97.00  sec  2.00 MBytes  16.8 Mbits/sec                  
[  6]  97.00-98.00  sec  2.00 MBytes  16.8 Mbits/sec                  
[  6]  98.00-99.00  sec  2.00 MBytes  16.8 Mbits/sec                  
[  6]  99.00-100.00 sec  1.00 MBytes  8.39 Mbits/sec                  
[  6] 100.00-101.00 sec  0.00 Bytes  0.00 bits/sec                  
[  6] 101.00-102.00 sec  0.00 Bytes  0.00 bits/sec                  
[  6] 102.00-102.32 sec  0.00 Bytes  0.00 bits/sec                  
- - - - - - - - - - - - - - - - - - - - - - - - -
[ ID] Interval           Transfer     Bitrate
[  6]   0.00-102.32 sec   191 MBytes  15.7 Mbits/sec                  receiver
iperf3: interrupt - the server has terminated by signal Interrupt(2)
-----------------------------------------------------------
Server listening on 10021 (test #1)
-----------------------------------------------------------
Accepted connection from 192.168.2.2, port 42556
[  6] local 192.168.3.2 port 10021 connected to 192.168.2.2 port 42558
[ ID] Interval           Transfer     Bitrate
[  6]   0.00-1.00   sec  1.88 MBytes  15.7 Mbits/sec                  
[  6]   1.00-2.00   sec  2.00 MBytes  16.8 Mbits/sec                  
[  6]   2.00-3.00   sec  2.00 MBytes  16.8 Mbits/sec                  
[  6]   3.00-4.00   sec  1.62 MBytes  13.6 Mbits/sec                  
[  6]   4.00-5.00   sec  2.00 MBytes  16.8 Mbits/sec                  
[  6]   5.00-6.00   sec  2.00 MBytes  16.8 Mbits/sec                  
[  6]   6.00-7.00   sec  1.62 MBytes  13.6 Mbits/sec                  
[  6]   7.00-8.00   sec  2.00 MBytes  16.8 Mbits/sec                  
[  6]   8.00-9.00   sec  2.00 MBytes  16.8 Mbits/sec                  
[  6]   9.00-10.00  sec  1.75 MBytes  14.7 Mbits/sec                  
[  6]  10.00-11.00  sec  2.00 MBytes  16.8 Mbits/sec                  
[  6]  11.00-12.00  sec  2.00 MBytes  16.8 Mbits/sec                  
[  6]  12.00-13.00  sec  1.62 MBytes  13.6 Mbits/sec                  
[  6]  13.00-14.00  sec  2.00 MBytes  16.8 Mbits/sec                  
[  6]  14.00-15.00  sec  2.00 MBytes  16.8 Mbits/sec                  
[  6]  15.00-16.00  sec  1.75 MBytes  14.7 Mbits/sec                  
[  6]  16.00-17.00  sec  2.00 MBytes  16.8 Mbits/sec                  
[  6]  17.00-18.00  sec  2.00 MBytes  16.8 Mbits/sec                  
[  6]  18.00-19.00  sec  1.88 MBytes  15.7 Mbits/sec                  
[  6]  19.00-20.00  sec  1.62 MBytes  13.6 Mbits/sec                  
[  6]  20.00-21.00  sec  2.00 MBytes  16.8 Mbits/sec                  
[  6]  21.00-22.00  sec  2.00 MBytes  16.8 Mbits/sec                  
[  6]  22.00-23.00  sec  2.00 MBytes  16.8 Mbits/sec                  
[  6]  23.00-24.00  sec  1.62 MBytes  13.6 Mbits/sec                  
[  6]  24.00-25.00  sec  2.00 MBytes  16.8 Mbits/sec                  
[  6]  25.00-26.00  sec  2.00 MBytes  16.8 Mbits/sec                  
[  6]  26.00-27.00  sec  1.75 MBytes  14.7 Mbits/sec                  
[  6]  27.00-28.00  sec  1.88 MBytes  15.7 Mbits/sec                  
[  6]  28.00-29.00  sec  2.00 MBytes  16.8 Mbits/sec                  
[  6]  29.00-30.00  sec  2.00 MBytes  16.8 Mbits/sec                  
[  6]  30.00-31.00  sec  1.62 MBytes  13.6 Mbits/sec                  
[  6]  31.00-32.00  sec  2.00 MBytes  16.8 Mbits/sec                  
[  6]  32.00-33.00  sec  2.00 MBytes  16.8 Mbits/sec                  
[  6]  33.00-34.00  sec  2.00 MBytes  16.8 Mbits/sec                  
[  6]  34.00-35.00  sec  1.75 MBytes  14.7 Mbits/sec                  
[  6]  35.00-36.00  sec  2.00 MBytes  16.8 Mbits/sec                  
[  6]  36.00-37.00  sec  1.88 MBytes  15.7 Mbits/sec                  
[  6]  37.00-38.00  sec  2.00 MBytes  16.8 Mbits/sec                  
[  6]  38.00-39.00  sec  1.62 MBytes  13.6 Mbits/sec                  
[  6]  39.00-40.00  sec  2.00 MBytes  16.8 Mbits/sec                  
[  6]  40.00-41.00  sec  2.00 MBytes  16.8 Mbits/sec                  
[  6]  41.00-42.00  sec  2.00 MBytes  16.8 Mbits/sec                  
[  6]  42.00-43.00  sec  1.62 MBytes  13.6 Mbits/sec                  
[  6]  43.00-44.00  sec  2.00 MBytes  16.8 Mbits/sec                  
[  6]  44.00-45.00  sec  2.00 MBytes  16.8 Mbits/sec                  
[  6]  45.00-46.00  sec  2.00 MBytes  16.8 Mbits/sec                  
[  6]  46.00-47.00  sec  1.75 MBytes  14.7 Mbits/sec                  
[  6]  47.00-48.00  sec  2.00 MBytes  16.8 Mbits/sec                  
[  6]  48.00-49.00  sec  2.00 MBytes  16.8 Mbits/sec                  
[  6]  49.00-50.00  sec  1.75 MBytes  14.7 Mbits/sec                  
[  6]  50.00-51.00  sec  1.88 MBytes  15.7 Mbits/sec                  
[  6]  51.00-52.00  sec  2.00 MBytes  16.8 Mbits/sec                  
[  6]  52.00-53.00  sec  2.00 MBytes  16.8 Mbits/sec                  
[  6]  53.00-54.00  sec  1.62 MBytes  13.6 Mbits/sec                  
[  6]  54.00-55.00  sec  2.00 MBytes  16.8 Mbits/sec                  
[  6]  55.00-56.00  sec  2.00 MBytes  16.8 Mbits/sec                  
[  6]  56.00-57.00  sec  2.00 MBytes  16.8 Mbits/sec                  
[  6]  57.00-58.00  sec  1.75 MBytes  14.7 Mbits/sec                  
[  6]  58.00-59.00  sec  2.00 MBytes  16.8 Mbits/sec                  
[  6]  59.00-60.00  sec  2.00 MBytes  16.8 Mbits/sec                  
[  6]  60.00-61.00  sec  2.00 MBytes  16.8 Mbits/sec                  
[  6]  61.00-62.00  sec  1.62 MBytes  13.6 Mbits/sec                  
[  6]  62.00-63.00  sec  2.00 MBytes  16.8 Mbits/sec                  
[  6]  63.00-64.00  sec  2.00 MBytes  16.8 Mbits/sec                  
[  6]  64.00-65.00  sec  2.00 MBytes  16.8 Mbits/sec                  
[  6]  65.00-66.00  sec  1.62 MBytes  13.6 Mbits/sec                  
[  6]  66.00-67.00  sec  2.00 MBytes  16.8 Mbits/sec                  
[  6]  67.00-68.00  sec  2.00 MBytes  16.8 Mbits/sec                  
[  6]  68.00-69.00  sec  2.00 MBytes  16.8 Mbits/sec                  
[  6]  69.00-70.00  sec  1.75 MBytes  14.7 Mbits/sec                  
[  6]  70.00-71.00  sec  2.00 MBytes  16.8 Mbits/sec                  
[  6]  71.00-72.00  sec  2.00 MBytes  16.8 Mbits/sec                  
[  6]  72.00-73.00  sec  1.62 MBytes  13.6 Mbits/sec                  
[  6]  73.00-74.00  sec  2.00 MBytes  16.8 Mbits/sec                  
[  6]  74.00-75.00  sec  2.00 MBytes  16.8 Mbits/sec                  
[  6]  75.00-76.00  sec  2.00 MBytes  16.8 Mbits/sec                  
[  6]  76.00-77.00  sec  1.62 MBytes  13.6 Mbits/sec                  
[  6]  77.00-78.00  sec  2.00 MBytes  16.8 Mbits/sec                  
[  6]  78.00-79.00  sec  1.88 MBytes  15.7 Mbits/sec                  
[  6]  79.00-80.00  sec  2.12 MBytes  17.8 Mbits/sec                  
[  6]  80.00-81.00  sec  1.75 MBytes  14.7 Mbits/sec                  
[  6]  81.00-82.00  sec  2.00 MBytes  16.8 Mbits/sec                  
[  6]  82.00-83.00  sec  1.88 MBytes  15.7 Mbits/sec                  
[  6]  83.00-84.00  sec  2.00 MBytes  16.8 Mbits/sec                  
[  6]  84.00-85.00  sec  1.75 MBytes  14.7 Mbits/sec                  
[  6]  85.00-86.00  sec  2.00 MBytes  16.8 Mbits/sec                  
[  6]  86.00-87.00  sec  2.00 MBytes  16.8 Mbits/sec                  
[  6]  87.00-88.00  sec  2.00 MBytes  16.8 Mbits/sec                  
[  6]  88.00-89.00  sec  1.62 MBytes  13.6 Mbits/sec                  
[  6]  89.00-90.00  sec  2.00 MBytes  16.8 Mbits/sec                  
[  6]  90.00-91.00  sec  2.00 MBytes  16.8 Mbits/sec                  
[  6]  91.00-92.00  sec  1.88 MBytes  15.7 Mbits/sec                  
[  6]  92.00-93.00  sec  1.88 MBytes  15.7 Mbits/sec                  
[  6]  93.00-94.00  sec  2.00 MBytes  16.8 Mbits/sec                  
[  6]  94.00-95.00  sec  2.00 MBytes  16.8 Mbits/sec                  
[  6]  95.00-96.00  sec  1.62 MBytes  13.6 Mbits/sec                  
[  6]  96.00-97.00  sec  2.00 MBytes  16.8 Mbits/sec                  
[  6]  97.00-98.00  sec  2.00 MBytes  16.8 Mbits/sec                  
[  6]  98.00-99.00  sec  2.00 MBytes  16.8 Mbits/sec                  
[  6]  99.00-100.00 sec  1.00 MBytes  8.38 Mbits/sec                  
[  6] 100.00-101.00 sec  0.00 Bytes  0.00 bits/sec                  
[  6] 101.00-102.00 sec  0.00 Bytes  0.00 bits/sec                  
[  6] 102.00-103.00 sec  0.00 Bytes  0.00 bits/sec                  
[  6] 103.00-104.00 sec  0.00 Bytes  0.00 bits/sec                  
[  6] 104.00-105.00 sec  0.00 Bytes  0.00 bits/sec                  
[  6] 105.00-106.00 sec  0.00 Bytes  0.00 bits/sec                  
[  6] 106.00-107.00 sec  0.00 Bytes  0.00 bits/sec                  
[  6] 107.00-108.00 sec  0.00 Bytes  0.00 bits/sec                  
[  6] 108.00-109.00 sec  0.00 Bytes  0.00 bits/sec                  
[  6] 109.00-109.77 sec  0.00 Bytes  0.00 bits/sec                  
- - - - - - - - - - - - - - - - - - - - - - - - -
[ ID] Interval           Transfer     Bitrate
[  6]   0.00-109.77 sec   190 MBytes  14.5 Mbits/sec                  receiver
iperf3: interrupt - the server has terminated by signal Interrupt(2)
-----------------------------------------------------------
Server listening on 10021 (test #1)
-----------------------------------------------------------
Accepted connection from 192.168.2.2, port 37546
[  6] local 192.168.3.2 port 10021 connected to 192.168.2.2 port 37560
[ ID] Interval           Transfer     Bitrate
[  6]   0.00-1.00   sec  1.75 MBytes  14.7 Mbits/sec                  
[  6]   1.00-2.00   sec  1.75 MBytes  14.7 Mbits/sec                  
[  6]   2.00-3.00   sec  2.00 MBytes  16.8 Mbits/sec                  
[  6]   3.00-4.00   sec  1.50 MBytes  12.6 Mbits/sec                  
[  6]   4.00-5.00   sec  2.00 MBytes  16.8 Mbits/sec                  
[  6]   5.00-6.00   sec  2.00 MBytes  16.8 Mbits/sec                  
[  6]   6.00-7.00   sec  1.75 MBytes  14.7 Mbits/sec                  
[  6]   7.00-8.00   sec  2.00 MBytes  16.8 Mbits/sec                  
[  6]   8.00-9.00   sec  2.00 MBytes  16.8 Mbits/sec                  
[  6]   9.00-10.00  sec  1.62 MBytes  13.6 Mbits/sec                  
[  6]  10.00-11.00  sec  2.00 MBytes  16.8 Mbits/sec                  
[  6]  11.00-12.00  sec  2.00 MBytes  16.8 Mbits/sec                  
[  6]  12.00-13.00  sec  1.62 MBytes  13.6 Mbits/sec                  
[  6]  13.00-14.00  sec  2.00 MBytes  16.8 Mbits/sec                  
[  6]  14.00-15.00  sec  2.00 MBytes  16.8 Mbits/sec                  
[  6]  15.00-16.00  sec  1.75 MBytes  14.7 Mbits/sec                  
[  6]  16.00-17.00  sec  1.88 MBytes  15.7 Mbits/sec                  
[  6]  17.00-18.00  sec  2.00 MBytes  16.8 Mbits/sec                  
[  6]  18.00-19.00  sec  2.00 MBytes  16.8 Mbits/sec                  
[  6]  19.00-20.00  sec  1.50 MBytes  12.6 Mbits/sec                  
[  6]  20.00-21.00  sec  2.00 MBytes  16.8 Mbits/sec                  
[  6]  21.00-22.00  sec  2.00 MBytes  16.8 Mbits/sec                  
[  6]  22.00-23.00  sec  2.00 MBytes  16.8 Mbits/sec                  
[  6]  23.00-24.00  sec  1.62 MBytes  13.6 Mbits/sec                  
[  6]  24.00-25.00  sec  1.88 MBytes  15.7 Mbits/sec                  
[  6]  25.00-26.00  sec  2.00 MBytes  16.8 Mbits/sec                  
[  6]  26.00-27.00  sec  1.75 MBytes  14.7 Mbits/sec                  
[  6]  27.00-28.00  sec  1.25 MBytes  10.5 Mbits/sec                  
[  6]  28.00-29.00  sec  1.12 MBytes  9.44 Mbits/sec                  
[  6]  29.00-30.00  sec  1.50 MBytes  12.6 Mbits/sec                  
[  6]  30.00-31.00  sec  1.75 MBytes  14.7 Mbits/sec                  
[  6]  31.00-32.00  sec  1.88 MBytes  15.7 Mbits/sec                  
[  6]  32.00-33.00  sec  1.62 MBytes  13.6 Mbits/sec                  
[  6]  33.00-34.00  sec  1.88 MBytes  15.7 Mbits/sec                  
[  6]  34.00-35.00  sec  1.88 MBytes  15.7 Mbits/sec                  
[  6]  35.00-36.00  sec  1.88 MBytes  15.7 Mbits/sec                  
[  6]  36.00-37.00  sec  1.62 MBytes  13.6 Mbits/sec                  
[  6]  37.00-38.00  sec  1.88 MBytes  15.7 Mbits/sec                  
[  6]  38.00-39.00  sec  1.88 MBytes  15.7 Mbits/sec                  
[  6]  39.00-40.00  sec  1.88 MBytes  15.7 Mbits/sec                  
[  6]  40.00-41.00  sec  1.62 MBytes  13.6 Mbits/sec                  
[  6]  41.00-42.00  sec  1.88 MBytes  15.7 Mbits/sec                  
[  6]  42.00-43.00  sec  1.88 MBytes  15.7 Mbits/sec                  
[  6]  43.00-44.00  sec  1.88 MBytes  15.7 Mbits/sec                  
[  6]  44.00-45.00  sec  1.62 MBytes  13.6 Mbits/sec                  
[  6]  45.00-46.00  sec  1.88 MBytes  15.7 Mbits/sec                  
[  6]  46.00-47.00  sec  1.88 MBytes  15.7 Mbits/sec                  
[  6]  47.00-48.00  sec  1.88 MBytes  15.7 Mbits/sec                  
[  6]  48.00-49.00  sec  1.50 MBytes  12.6 Mbits/sec                  
[  6]  49.00-50.00  sec  2.00 MBytes  16.8 Mbits/sec                  
[  6]  50.00-51.00  sec  1.88 MBytes  15.7 Mbits/sec                  
[  6]  51.00-52.00  sec  1.88 MBytes  15.7 Mbits/sec                  
[  6]  52.00-53.00  sec  1.62 MBytes  13.6 Mbits/sec                  
[  6]  53.00-54.00  sec  1.88 MBytes  15.7 Mbits/sec                  
[  6]  54.00-55.00  sec  2.00 MBytes  16.8 Mbits/sec                  
[  6]  55.00-56.00  sec  2.00 MBytes  16.8 Mbits/sec                  
[  6]  56.00-57.00  sec  1.50 MBytes  12.6 Mbits/sec                  
[  6]  57.00-58.00  sec  2.00 MBytes  16.8 Mbits/sec                  
[  6]  58.00-59.00  sec  2.00 MBytes  16.8 Mbits/sec                  
[  6]  59.00-60.00  sec  2.00 MBytes  16.8 Mbits/sec                  
[  6]  60.00-61.00  sec  1.62 MBytes  13.6 Mbits/sec                  
[  6]  61.00-62.00  sec  2.00 MBytes  16.8 Mbits/sec                  
[  6]  62.00-63.00  sec  2.00 MBytes  16.8 Mbits/sec                  
[  6]  63.00-64.00  sec  2.00 MBytes  16.8 Mbits/sec                  
[  6]  64.00-65.00  sec  1.62 MBytes  13.6 Mbits/sec                  
[  6]  65.00-66.00  sec  2.00 MBytes  16.8 Mbits/sec                  
[  6]  66.00-67.00  sec  2.00 MBytes  16.8 Mbits/sec                  
[  6]  67.00-68.00  sec  2.00 MBytes  16.8 Mbits/sec                  
[  6]  68.00-69.00  sec  1.62 MBytes  13.6 Mbits/sec                  
[  6]  69.00-70.00  sec  2.00 MBytes  16.8 Mbits/sec                  
[  6]  70.00-71.00  sec  2.00 MBytes  16.8 Mbits/sec                  
[  6]  71.00-72.00  sec  1.62 MBytes  13.6 Mbits/sec                  
[  6]  72.00-73.00  sec  2.00 MBytes  16.8 Mbits/sec                  
[  6]  73.00-74.00  sec  2.00 MBytes  16.8 Mbits/sec                  
[  6]  74.00-75.00  sec  2.00 MBytes  16.8 Mbits/sec                  
[  6]  75.00-76.00  sec  1.62 MBytes  13.6 Mbits/sec                  
[  6]  76.00-77.00  sec  2.00 MBytes  16.8 Mbits/sec                  
[  6]  77.00-78.00  sec  2.00 MBytes  16.8 Mbits/sec                  
[  6]  78.00-79.00  sec  2.00 MBytes  16.8 Mbits/sec                  
[  6]  79.00-80.00  sec  1.75 MBytes  14.7 Mbits/sec                  
[  6]  80.00-81.00  sec  2.00 MBytes  16.8 Mbits/sec                  
[  6]  81.00-82.00  sec  2.00 MBytes  16.8 Mbits/sec                  
[  6]  82.00-83.00  sec  2.00 MBytes  16.8 Mbits/sec                  
[  6]  83.00-84.00  sec  1.62 MBytes  13.6 Mbits/sec                  
[  6]  84.00-85.00  sec  2.00 MBytes  16.8 Mbits/sec                  
[  6]  85.00-86.00  sec  2.00 MBytes  16.8 Mbits/sec                  
[  6]  86.00-87.00  sec  2.00 MBytes  16.8 Mbits/sec                  
[  6]  87.00-88.00  sec  1.75 MBytes  14.7 Mbits/sec                  
[  6]  88.00-89.00  sec  2.00 MBytes  16.8 Mbits/sec                  
[  6]  89.00-90.00  sec  2.00 MBytes  16.8 Mbits/sec                  
[  6]  90.00-91.00  sec  1.75 MBytes  14.7 Mbits/sec                  
[  6]  91.00-92.00  sec  1.88 MBytes  15.7 Mbits/sec                  
[  6]  92.00-93.00  sec  2.00 MBytes  16.8 Mbits/sec                  
[  6]  93.00-94.00  sec  2.00 MBytes  16.8 Mbits/sec                  
[  6]  94.00-95.00  sec  1.62 MBytes  13.6 Mbits/sec                  
[  6]  95.00-96.00  sec  2.00 MBytes  16.8 Mbits/sec                  
[  6]  96.00-97.00  sec  2.00 MBytes  16.8 Mbits/sec                  
[  6]  97.00-98.00  sec  2.00 MBytes  16.8 Mbits/sec                  
[  6]  98.00-99.00  sec  1.50 MBytes  12.6 Mbits/sec                  
[  6]  99.00-100.00 sec  0.00 Bytes  0.00 bits/sec                  
[  6] 100.00-101.00 sec  0.00 Bytes  0.00 bits/sec                  
[  6] 101.00-102.00 sec  0.00 Bytes  0.00 bits/sec                  
[  6] 102.00-102.25 sec  0.00 Bytes  0.00 bits/sec                  
- - - - - - - - - - - - - - - - - - - - - - - - -
[ ID] Interval           Transfer     Bitrate
[  6]   0.00-102.25 sec   183 MBytes  15.0 Mbits/sec                  receiver
iperf3: interrupt - the server has terminated by signal Interrupt(2)
-----------------------------------------------------------
Server listening on 10021 (test #1)
-----------------------------------------------------------
Accepted connection from 192.168.2.2, port 60210
[  6] local 192.168.3.2 port 10021 connected to 192.168.2.2 port 60218
[ ID] Interval           Transfer     Bitrate
[  6]   0.00-1.00   sec  1.50 MBytes  12.6 Mbits/sec                  
[  6]   1.00-2.00   sec  1.88 MBytes  15.7 Mbits/sec                  
[  6]   2.00-3.00   sec  1.75 MBytes  14.7 Mbits/sec                  
[  6]   3.00-4.00   sec  1.50 MBytes  12.6 Mbits/sec                  
[  6]   4.00-5.00   sec  1.88 MBytes  15.7 Mbits/sec                  
[  6]   5.00-6.00   sec  2.00 MBytes  16.8 Mbits/sec                  
[  6]   6.00-7.00   sec  1.50 MBytes  12.6 Mbits/sec                  
[  6]   7.00-8.00   sec  1.88 MBytes  15.7 Mbits/sec                  
[  6]   8.00-9.00   sec  2.00 MBytes  16.8 Mbits/sec                  
[  6]   9.00-10.00  sec  1.75 MBytes  14.7 Mbits/sec                  
[  6]  10.00-11.00  sec  1.75 MBytes  14.7 Mbits/sec                  
[  6]  11.00-12.00  sec  2.00 MBytes  16.8 Mbits/sec                  
[  6]  12.00-13.00  sec  2.00 MBytes  16.8 Mbits/sec                  
[  6]  13.00-14.00  sec  1.50 MBytes  12.6 Mbits/sec                  
[  6]  14.00-15.00  sec  2.00 MBytes  16.8 Mbits/sec                  
[  6]  15.00-16.00  sec  2.00 MBytes  16.8 Mbits/sec                  
[  6]  16.00-17.00  sec  1.50 MBytes  12.6 Mbits/sec                  
[  6]  17.00-18.00  sec  1.88 MBytes  15.7 Mbits/sec                  
[  6]  18.00-19.00  sec  1.50 MBytes  12.6 Mbits/sec                  
[  6]  19.00-20.00  sec  1.62 MBytes  13.6 Mbits/sec                  
[  6]  20.00-21.00  sec  1.38 MBytes  11.5 Mbits/sec                  
[  6]  21.00-22.00  sec  1.75 MBytes  14.7 Mbits/sec                  
[  6]  22.00-23.00  sec  1.75 MBytes  14.7 Mbits/sec                  
[  6]  23.00-24.00  sec  1.88 MBytes  15.7 Mbits/sec                  
[  6]  24.00-25.00  sec  1.38 MBytes  11.5 Mbits/sec                  
[  6]  25.00-26.00  sec  1.88 MBytes  15.7 Mbits/sec                  
[  6]  26.00-27.00  sec  1.75 MBytes  14.7 Mbits/sec                  
[  6]  27.00-28.00  sec  1.12 MBytes  9.44 Mbits/sec                  
[  6]  28.00-29.00  sec  0.00 Bytes  0.00 bits/sec                  
[  6]  29.00-30.00  sec  1.00 MBytes  8.39 Mbits/sec                  
[  6]  30.00-31.00  sec  1.50 MBytes  12.6 Mbits/sec                  
[  6]  31.00-32.00  sec  1.75 MBytes  14.7 Mbits/sec                  
[  6]  32.00-33.00  sec  2.00 MBytes  16.8 Mbits/sec                  
[  6]  33.00-34.00  sec  1.88 MBytes  15.7 Mbits/sec                  
[  6]  34.00-35.00  sec  1.50 MBytes  12.6 Mbits/sec                  
[  6]  35.00-36.00  sec  1.75 MBytes  14.7 Mbits/sec                  
[  6]  36.00-37.00  sec  1.88 MBytes  15.7 Mbits/sec                  
[  6]  37.00-38.00  sec  1.88 MBytes  15.7 Mbits/sec                  
[  6]  38.00-39.00  sec  1.62 MBytes  13.6 Mbits/sec                  
[  6]  39.00-40.00  sec  1.75 MBytes  14.7 Mbits/sec                  
[  6]  40.00-41.00  sec  1.88 MBytes  15.7 Mbits/sec                  
[  6]  41.00-42.00  sec  1.88 MBytes  15.7 Mbits/sec                  
[  6]  42.00-43.00  sec  1.75 MBytes  14.7 Mbits/sec                  
[  6]  43.00-44.00  sec  1.50 MBytes  12.6 Mbits/sec                  
[  6]  44.00-45.00  sec  1.88 MBytes  15.7 Mbits/sec                  
[  6]  45.00-46.00  sec  1.88 MBytes  15.7 Mbits/sec                  
[  6]  46.00-47.00  sec  1.75 MBytes  14.7 Mbits/sec                  
[  6]  47.00-48.00  sec  1.50 MBytes  12.6 Mbits/sec                  
[  6]  48.00-49.00  sec  1.88 MBytes  15.7 Mbits/sec                  
[  6]  49.00-50.00  sec  1.00 MBytes  8.39 Mbits/sec                  
[  6]  50.00-51.00  sec   512 KBytes  4.19 Mbits/sec                  
[  6]  51.00-52.00  sec  0.00 Bytes  0.00 bits/sec                  
[  6]  52.00-53.00  sec  0.00 Bytes  0.00 bits/sec                  
[  6]  53.00-54.00  sec  1.62 MBytes  13.6 Mbits/sec                  
[  6]  54.00-55.00  sec  1.38 MBytes  11.5 Mbits/sec                  
[  6]  55.00-56.00  sec  2.00 MBytes  16.8 Mbits/sec                  
[  6]  56.00-57.00  sec  1.88 MBytes  15.7 Mbits/sec                  
[  6]  57.00-58.00  sec  1.88 MBytes  15.7 Mbits/sec                  
[  6]  58.00-59.00  sec  1.50 MBytes  12.6 Mbits/sec                  
[  6]  59.00-60.00  sec  1.88 MBytes  15.7 Mbits/sec                  
[  6]  60.00-61.00  sec  1.88 MBytes  15.7 Mbits/sec                  
[  6]  61.00-62.00  sec  1.88 MBytes  15.7 Mbits/sec                  
[  6]  62.00-63.00  sec  1.50 MBytes  12.6 Mbits/sec                  
[  6]  63.00-64.00  sec  1.88 MBytes  15.7 Mbits/sec                  
[  6]  64.00-65.00  sec  2.00 MBytes  16.8 Mbits/sec                  
[  6]  65.00-66.00  sec  1.88 MBytes  15.7 Mbits/sec                  
[  6]  66.00-67.00  sec  1.50 MBytes  12.6 Mbits/sec                  
[  6]  67.00-68.00  sec  2.00 MBytes  16.8 Mbits/sec                  
[  6]  68.00-69.00  sec  1.88 MBytes  15.7 Mbits/sec                  
[  6]  69.00-70.00  sec  2.00 MBytes  16.8 Mbits/sec                  
[  6]  70.00-71.00  sec  1.62 MBytes  13.6 Mbits/sec                  
[  6]  71.00-72.00  sec  1.88 MBytes  15.7 Mbits/sec                  
[  6]  72.00-73.00  sec  1.88 MBytes  15.7 Mbits/sec                  
[  6]  73.00-74.00  sec  1.88 MBytes  15.7 Mbits/sec                  
[  6]  74.00-75.00  sec  1.62 MBytes  13.6 Mbits/sec                  
[  6]  75.00-76.00  sec  1.88 MBytes  15.7 Mbits/sec                  
[  6]  76.00-77.00  sec  2.00 MBytes  16.8 Mbits/sec                  
[  6]  77.00-78.00  sec  1.88 MBytes  15.7 Mbits/sec                  
[  6]  78.00-79.00  sec  1.50 MBytes  12.6 Mbits/sec                  
[  6]  79.00-80.00  sec  1.88 MBytes  15.7 Mbits/sec                  
[  6]  80.00-81.00  sec  2.00 MBytes  16.8 Mbits/sec                  
[  6]  81.00-82.00  sec  1.88 MBytes  15.7 Mbits/sec                  
[  6]  82.00-83.00  sec  1.50 MBytes  12.6 Mbits/sec                  
[  6]  83.00-84.00  sec  1.88 MBytes  15.7 Mbits/sec                  
[  6]  84.00-85.00  sec  2.00 MBytes  16.8 Mbits/sec                  
[  6]  85.00-86.00  sec  1.88 MBytes  15.7 Mbits/sec                  
[  6]  86.00-87.00  sec  1.50 MBytes  12.6 Mbits/sec                  
[  6]  87.00-88.00  sec  1.88 MBytes  15.7 Mbits/sec                  
[  6]  88.00-89.00  sec  1.88 MBytes  15.7 Mbits/sec                  
[  6]  89.00-90.00  sec  1.88 MBytes  15.7 Mbits/sec                  
[  6]  90.00-91.00  sec  1.62 MBytes  13.6 Mbits/sec                  
[  6]  91.00-92.00  sec  1.88 MBytes  15.7 Mbits/sec                  
[  6]  92.00-93.00  sec  2.00 MBytes  16.8 Mbits/sec                  
[  6]  93.00-94.00  sec  2.00 MBytes  16.8 Mbits/sec                  
[  6]  94.00-95.00  sec  1.50 MBytes  12.6 Mbits/sec                  
[  6]  95.00-96.00  sec  1.88 MBytes  15.7 Mbits/sec                  
[  6]  96.00-97.00  sec  1.88 MBytes  15.7 Mbits/sec                  
[  6]  97.00-98.00  sec  1.88 MBytes  15.7 Mbits/sec                  
[  6]  98.00-99.00  sec  1.62 MBytes  13.6 Mbits/sec                  
[  6]  99.00-100.00 sec   512 KBytes  4.19 Mbits/sec                  
[  6] 100.00-101.00 sec  0.00 Bytes  0.00 bits/sec                  
[  6] 101.00-102.00 sec  0.00 Bytes  0.00 bits/sec                  
[  6] 102.00-103.00 sec  0.00 Bytes  0.00 bits/sec                  
[  6] 103.00-103.30 sec  0.00 Bytes  0.00 bits/sec                  
- - - - - - - - - - - - - - - - - - - - - - - - -
[ ID] Interval           Transfer     Bitrate
[  6]   0.00-103.30 sec   168 MBytes  13.6 Mbits/sec                  receiver
iperf3: interrupt - the server has terminated by signal Interrupt(2)
