Connecting to host 192.168.3.2, port 10021
[  6] local 192.168.2.2 port 41442 connected to 192.168.3.2 port 10021
[ ID] Interval           Transfer     Bitrate         Retr  Cwnd
[  6]   0.00-1.00   sec   125 MBytes  1.05 Gbits/sec    3   30.9 KBytes       
[  6]   1.00-2.00   sec  0.00 Bytes  0.00 bits/sec    9   4.22 KBytes       
[  6]   2.00-3.00   sec  0.00 Bytes  0.00 bits/sec   15   2.81 KBytes       
[  6]   3.00-4.00   sec  0.00 Bytes  0.00 bits/sec   19   4.22 KBytes       
[  6]   4.00-5.00   sec  0.00 Bytes  0.00 bits/sec   18   1.41 KBytes       
[  6]   5.00-6.00   sec  0.00 Bytes  0.00 bits/sec    1   1.41 KBytes       
[  6]   6.00-7.00   sec  0.00 Bytes  0.00 bits/sec    1   1.41 KBytes       
[  6]   7.00-8.00   sec  0.00 Bytes  0.00 bits/sec    0   1.41 KBytes       
[  6]   8.00-9.00   sec  0.00 Bytes  0.00 bits/sec    1   1.41 KBytes       
[  6]   9.00-10.00  sec  0.00 Bytes  0.00 bits/sec    0   1.41 KBytes       
[  6]  10.00-11.00  sec  0.00 Bytes  0.00 bits/sec    0   1.41 KBytes       
[  6]  11.00-12.00  sec  0.00 Bytes  0.00 bits/sec    1   1.41 KBytes       
[  6]  12.00-13.00  sec  0.00 Bytes  0.00 bits/sec    0   1.41 KBytes       
[  6]  13.00-14.00  sec  0.00 Bytes  0.00 bits/sec    0   1.41 KBytes       
[  6]  14.00-15.00  sec  0.00 Bytes  0.00 bits/sec    0   1.41 KBytes       
[  6]  15.00-16.00  sec  0.00 Bytes  0.00 bits/sec    0   1.41 KBytes       
[  6]  16.00-17.00  sec  0.00 Bytes  0.00 bits/sec    0   1.41 KBytes       
[  6]  17.00-18.00  sec  0.00 Bytes  0.00 bits/sec    0   1.41 KBytes       
[  6]  18.00-19.00  sec  0.00 Bytes  0.00 bits/sec    1   1.41 KBytes       
[  6]  19.00-20.00  sec  0.00 Bytes  0.00 bits/sec    0   1.41 KBytes       
[  6]  20.00-21.00  sec  0.00 Bytes  0.00 bits/sec    0   1.41 KBytes       
[  6]  21.00-22.00  sec  0.00 Bytes  0.00 bits/sec    0   1.41 KBytes       
[  6]  22.00-23.00  sec  0.00 Bytes  0.00 bits/sec    0   1.41 KBytes       
[  6]  23.00-24.00  sec  0.00 Bytes  0.00 bits/sec    0   1.41 KBytes       
[  6]  24.00-25.00  sec  0.00 Bytes  0.00 bits/sec    0   1.41 KBytes       
[  6]  25.00-26.00  sec  0.00 Bytes  0.00 bits/sec    0   1.41 KBytes       
[  6]  26.00-27.00  sec  0.00 Bytes  0.00 bits/sec    0   1.41 KBytes       
[  6]  27.00-28.00  sec  0.00 Bytes  0.00 bits/sec    0   1.41 KBytes       
[  6]  28.00-29.00  sec  0.00 Bytes  0.00 bits/sec    0   1.41 KBytes       
[  6]  29.00-30.00  sec  0.00 Bytes  0.00 bits/sec    0   1.41 KBytes       
[  6]  30.00-31.00  sec  0.00 Bytes  0.00 bits/sec    0   1.41 KBytes       
[  6]  31.00-32.00  sec  0.00 Bytes  0.00 bits/sec    0   1.41 KBytes       
[  6]  32.00-33.00  sec  0.00 Bytes  0.00 bits/sec    1   1.41 KBytes       
[  6]  33.00-34.00  sec  0.00 Bytes  0.00 bits/sec    0   1.41 KBytes       
[  6]  34.00-35.00  sec  0.00 Bytes  0.00 bits/sec    0   1.41 KBytes       
[  6]  35.00-36.00  sec  0.00 Bytes  0.00 bits/sec    0   1.41 KBytes       
[  6]  36.00-37.00  sec  0.00 Bytes  0.00 bits/sec    0   1.41 KBytes       
[  6]  37.00-38.00  sec  0.00 Bytes  0.00 bits/sec    0   1.41 KBytes       
[  6]  38.00-39.00  sec  0.00 Bytes  0.00 bits/sec    0   1.41 KBytes       
[  6]  39.00-40.00  sec  0.00 Bytes  0.00 bits/sec    0   1.41 KBytes       
[  6]  40.00-41.00  sec  0.00 Bytes  0.00 bits/sec    0   1.41 KBytes       
[  6]  41.00-42.00  sec  0.00 Bytes  0.00 bits/sec    0   1.41 KBytes       
[  6]  42.00-43.00  sec  0.00 Bytes  0.00 bits/sec    0   1.41 KBytes       
[  6]  43.00-44.00  sec  0.00 Bytes  0.00 bits/sec    0   1.41 KBytes       
[  6]  44.00-45.00  sec  0.00 Bytes  0.00 bits/sec    0   1.41 KBytes       
[  6]  45.00-46.00  sec  0.00 Bytes  0.00 bits/sec    0   1.41 KBytes       
[  6]  46.00-47.00  sec  0.00 Bytes  0.00 bits/sec    0   1.41 KBytes       
[  6]  47.00-48.00  sec  0.00 Bytes  0.00 bits/sec    0   1.41 KBytes       
[  6]  48.00-49.00  sec  0.00 Bytes  0.00 bits/sec    0   1.41 KBytes       
[  6]  49.00-50.00  sec  0.00 Bytes  0.00 bits/sec    0   1.41 KBytes       
[  6]  50.00-51.00  sec  0.00 Bytes  0.00 bits/sec    0   1.41 KBytes       
[  6]  51.00-52.00  sec  0.00 Bytes  0.00 bits/sec    0   1.41 KBytes       
[  6]  52.00-53.00  sec  0.00 Bytes  0.00 bits/sec    0   1.41 KBytes       
[  6]  53.00-54.00  sec  0.00 Bytes  0.00 bits/sec    0   1.41 KBytes       
[  6]  54.00-55.00  sec  0.00 Bytes  0.00 bits/sec    0   1.41 KBytes       
[  6]  55.00-56.00  sec  0.00 Bytes  0.00 bits/sec    0   1.41 KBytes       
[  6]  56.00-57.00  sec  0.00 Bytes  0.00 bits/sec    0   1.41 KBytes       
[  6]  57.00-58.00  sec  0.00 Bytes  0.00 bits/sec    0   1.41 KBytes       
[  6]  58.00-59.00  sec  0.00 Bytes  0.00 bits/sec    0   1.41 KBytes       
[  6]  59.00-60.00  sec  0.00 Bytes  0.00 bits/sec    0   1.41 KBytes       
[  6]  60.00-61.00  sec  0.00 Bytes  0.00 bits/sec    0   1.41 KBytes       
[  6]  61.00-62.00  sec  0.00 Bytes  0.00 bits/sec    0   1.41 KBytes       
[  6]  62.00-63.00  sec  0.00 Bytes  0.00 bits/sec    1   1.41 KBytes       
[  6]  63.00-64.00  sec  0.00 Bytes  0.00 bits/sec    0   1.41 KBytes       
[  6]  64.00-65.00  sec  0.00 Bytes  0.00 bits/sec    0   1.41 KBytes       
[  6]  65.00-66.00  sec  0.00 Bytes  0.00 bits/sec    0   1.41 KBytes       
[  6]  66.00-67.00  sec  0.00 Bytes  0.00 bits/sec    0   1.41 KBytes       
[  6]  67.00-68.00  sec  0.00 Bytes  0.00 bits/sec    0   1.41 KBytes       
[  6]  68.00-69.00  sec  0.00 Bytes  0.00 bits/sec    0   1.41 KBytes       
[  6]  69.00-70.00  sec  0.00 Bytes  0.00 bits/sec    0   1.41 KBytes       
[  6]  70.00-71.00  sec  0.00 Bytes  0.00 bits/sec    0   1.41 KBytes       
[  6]  71.00-72.00  sec  0.00 Bytes  0.00 bits/sec    0   1.41 KBytes       
[  6]  72.00-73.00  sec  0.00 Bytes  0.00 bits/sec    0   1.41 KBytes       
[  6]  73.00-74.00  sec  0.00 Bytes  0.00 bits/sec    0   1.41 KBytes       
[  6]  74.00-75.00  sec  0.00 Bytes  0.00 bits/sec    0   1.41 KBytes       
[  6]  75.00-76.00  sec  0.00 Bytes  0.00 bits/sec    0   1.41 KBytes       
[  6]  76.00-76.68  sec  0.00 Bytes  0.00 bits/sec    0   1.41 KBytes       
- - - - - - - - - - - - - - - - - - - - - - - - -
[ ID] Interval           Transfer     Bitrate         Retr
[  6]   0.00-76.68  sec   125 MBytes  13.7 Mbits/sec   71            sender
[  6]   0.00-76.68  sec  0.00 Bytes  0.00 bits/sec                  receiver
iperf3: interrupt - the client has terminated by signal Interrupt(2)
- - - - - - - - - - - - - - - - - - - - - - - - -
[ ID] Interval           Transfer     Bitrate         Retr
iperf3: interrupt - the client has terminated by signal Interrupt(2)
Connecting to host 192.168.3.2, port 10021
[  6] local 192.168.2.2 port 57918 connected to 192.168.3.2 port 10021
[ ID] Interval           Transfer     Bitrate         Retr  Cwnd
[  6]   0.00-1.00   sec   123 MBytes  1.03 Gbits/sec    3   30.9 KBytes       
[  6]   1.00-2.00   sec  0.00 Bytes  0.00 bits/sec    8   5.62 KBytes       
[  6]   2.00-3.00   sec  0.00 Bytes  0.00 bits/sec   13   1.41 KBytes       
[  6]   3.00-4.00   sec  0.00 Bytes  0.00 bits/sec    2   1.41 KBytes       
[  6]   4.00-5.00   sec  0.00 Bytes  0.00 bits/sec    1   1.41 KBytes       
[  6]   5.00-6.00   sec  0.00 Bytes  0.00 bits/sec    0   1.41 KBytes       
[  6]   6.00-7.00   sec  0.00 Bytes  0.00 bits/sec    1   1.41 KBytes       
[  6]   7.00-8.00   sec  0.00 Bytes  0.00 bits/sec    0   1.41 KBytes       
[  6]   8.00-9.00   sec  0.00 Bytes  0.00 bits/sec    0   1.41 KBytes       
[  6]   9.00-10.00  sec  0.00 Bytes  0.00 bits/sec    0   1.41 KBytes       
[  6]  10.00-11.00  sec  0.00 Bytes  0.00 bits/sec    1   1.41 KBytes       
[  6]  11.00-12.00  sec  0.00 Bytes  0.00 bits/sec    0   1.41 KBytes       
[  6]  12.00-13.00  sec  0.00 Bytes  0.00 bits/sec    0   1.41 KBytes       
[  6]  13.00-14.00  sec  0.00 Bytes  0.00 bits/sec    0   1.41 KBytes       
[  6]  14.00-15.00  sec  0.00 Bytes  0.00 bits/sec    0   1.41 KBytes       
[  6]  15.00-16.00  sec  0.00 Bytes  0.00 bits/sec    0   1.41 KBytes       
[  6]  16.00-17.00  sec  0.00 Bytes  0.00 bits/sec    0   1.41 KBytes       
[  6]  17.00-18.00  sec  0.00 Bytes  0.00 bits/sec    1   1.41 KBytes       
[  6]  18.00-19.00  sec  0.00 Bytes  0.00 bits/sec    0   1.41 KBytes       
[  6]  19.00-20.00  sec  0.00 Bytes  0.00 bits/sec    0   1.41 KBytes       
[  6]  20.00-21.00  sec  0.00 Bytes  0.00 bits/sec    0   1.41 KBytes       
[  6]  21.00-22.00  sec  0.00 Bytes  0.00 bits/sec    0   1.41 KBytes       
[  6]  22.00-23.00  sec  0.00 Bytes  0.00 bits/sec    0   1.41 KBytes       
[  6]  23.00-24.00  sec  0.00 Bytes  0.00 bits/sec    0   1.41 KBytes       
[  6]  24.00-25.00  sec  0.00 Bytes  0.00 bits/sec    0   1.41 KBytes       
[  6]  25.00-26.00  sec  0.00 Bytes  0.00 bits/sec    0   1.41 KBytes       
[  6]  26.00-27.00  sec  0.00 Bytes  0.00 bits/sec    0   1.41 KBytes       
[  6]  27.00-28.00  sec  0.00 Bytes  0.00 bits/sec    0   1.41 KBytes       
[  6]  28.00-29.00  sec  0.00 Bytes  0.00 bits/sec    0   1.41 KBytes       
[  6]  29.00-30.00  sec  0.00 Bytes  0.00 bits/sec    0   1.41 KBytes       
[  6]  30.00-31.00  sec  0.00 Bytes  0.00 bits/sec    0   1.41 KBytes       
[  6]  31.00-32.00  sec  0.00 Bytes  0.00 bits/sec    0   1.41 KBytes       
[  6]  32.00-33.00  sec  0.00 Bytes  0.00 bits/sec    1   1.41 KBytes       
[  6]  33.00-34.00  sec  0.00 Bytes  0.00 bits/sec    0   1.41 KBytes       
[  6]  34.00-35.00  sec  0.00 Bytes  0.00 bits/sec    0   1.41 KBytes       
[  6]  35.00-36.00  sec  0.00 Bytes  0.00 bits/sec    0   1.41 KBytes       
[  6]  36.00-37.00  sec  0.00 Bytes  0.00 bits/sec    0   1.41 KBytes       
[  6]  37.00-38.00  sec  0.00 Bytes  0.00 bits/sec    0   1.41 KBytes       
[  6]  38.00-39.00  sec  0.00 Bytes  0.00 bits/sec    0   1.41 KBytes       
[  6]  39.00-40.00  sec  0.00 Bytes  0.00 bits/sec    0   1.41 KBytes       
[  6]  40.00-41.00  sec  0.00 Bytes  0.00 bits/sec    0   1.41 KBytes       
[  6]  41.00-42.00  sec  0.00 Bytes  0.00 bits/sec    0   1.41 KBytes       
[  6]  42.00-43.00  sec  0.00 Bytes  0.00 bits/sec    0   1.41 KBytes       
[  6]  43.00-44.00  sec  0.00 Bytes  0.00 bits/sec    0   1.41 KBytes       
[  6]  44.00-45.00  sec  0.00 Bytes  0.00 bits/sec    0   1.41 KBytes       
[  6]  45.00-46.00  sec  0.00 Bytes  0.00 bits/sec    0   1.41 KBytes       
[  6]  46.00-47.00  sec  0.00 Bytes  0.00 bits/sec    0   1.41 KBytes       
[  6]  47.00-48.00  sec  0.00 Bytes  0.00 bits/sec    0   1.41 KBytes       
[  6]  48.00-49.00  sec  0.00 Bytes  0.00 bits/sec    0   1.41 KBytes       
[  6]  49.00-50.00  sec  0.00 Bytes  0.00 bits/sec    0   1.41 KBytes       
[  6]  50.00-51.00  sec  0.00 Bytes  0.00 bits/sec    0   1.41 KBytes       
[  6]  51.00-52.00  sec  0.00 Bytes  0.00 bits/sec    0   1.41 KBytes       
[  6]  52.00-53.00  sec  0.00 Bytes  0.00 bits/sec    0   1.41 KBytes       
[  6]  53.00-54.00  sec  0.00 Bytes  0.00 bits/sec    0   1.41 KBytes       
[  6]  54.00-55.00  sec  0.00 Bytes  0.00 bits/sec    0   1.41 KBytes       
[  6]  55.00-56.00  sec  0.00 Bytes  0.00 bits/sec    0   1.41 KBytes       
[  6]  56.00-57.00  sec  0.00 Bytes  0.00 bits/sec    0   1.41 KBytes       
[  6]  57.00-58.00  sec  0.00 Bytes  0.00 bits/sec    0   1.41 KBytes       
[  6]  58.00-59.00  sec  0.00 Bytes  0.00 bits/sec    0   1.41 KBytes       
[  6]  59.00-60.00  sec  0.00 Bytes  0.00 bits/sec    0   1.41 KBytes       
[  6]  60.00-61.00  sec  0.00 Bytes  0.00 bits/sec    0   1.41 KBytes       
[  6]  61.00-62.00  sec  0.00 Bytes  0.00 bits/sec    0   1.41 KBytes       
[  6]  62.00-63.00  sec  0.00 Bytes  0.00 bits/sec    1   1.41 KBytes       
[  6]  63.00-64.00  sec  0.00 Bytes  0.00 bits/sec    0   1.41 KBytes       
[  6]  64.00-65.00  sec  0.00 Bytes  0.00 bits/sec    0   1.41 KBytes       
[  6]  65.00-66.00  sec  0.00 Bytes  0.00 bits/sec    0   1.41 KBytes       
[  6]  66.00-67.00  sec  0.00 Bytes  0.00 bits/sec    0   1.41 KBytes       
[  6]  67.00-68.00  sec  0.00 Bytes  0.00 bits/sec    0   1.41 KBytes       
[  6]  68.00-69.00  sec  0.00 Bytes  0.00 bits/sec    0   1.41 KBytes       
[  6]  69.00-70.00  sec  0.00 Bytes  0.00 bits/sec    0   1.41 KBytes       
[  6]  70.00-71.00  sec  0.00 Bytes  0.00 bits/sec    0   1.41 KBytes       
[  6]  71.00-72.00  sec  0.00 Bytes  0.00 bits/sec    0   1.41 KBytes       
[  6]  72.00-73.00  sec  0.00 Bytes  0.00 bits/sec    0   1.41 KBytes       
[  6]  73.00-74.00  sec  0.00 Bytes  0.00 bits/sec    0   1.41 KBytes       
[  6]  74.00-75.00  sec  0.00 Bytes  0.00 bits/sec    0   1.41 KBytes       
[  6]  75.00-76.00  sec  0.00 Bytes  0.00 bits/sec    0   1.41 KBytes       
[  6]  76.00-77.00  sec  0.00 Bytes  0.00 bits/sec    0   1.41 KBytes       
[  6]  77.00-78.00  sec  0.00 Bytes  0.00 bits/sec    0   1.41 KBytes       
[  6]  78.00-79.00  sec  0.00 Bytes  0.00 bits/sec    0   1.41 KBytes       
[  6]  79.00-80.00  sec  0.00 Bytes  0.00 bits/sec    0   1.41 KBytes       
[  6]  80.00-81.00  sec  0.00 Bytes  0.00 bits/sec    0   1.41 KBytes       
[  6]  81.00-82.00  sec  0.00 Bytes  0.00 bits/sec    0   1.41 KBytes       
[  6]  82.00-83.00  sec  0.00 Bytes  0.00 bits/sec    0   1.41 KBytes       
[  6]  83.00-84.00  sec  0.00 Bytes  0.00 bits/sec    0   1.41 KBytes       
[  6]  84.00-85.00  sec  0.00 Bytes  0.00 bits/sec    0   1.41 KBytes       
[  6]  85.00-86.00  sec  0.00 Bytes  0.00 bits/sec    0   1.41 KBytes       
[  6]  86.00-87.00  sec  0.00 Bytes  0.00 bits/sec    0   1.41 KBytes       
[  6]  87.00-88.00  sec  0.00 Bytes  0.00 bits/sec    0   1.41 KBytes       
[  6]  88.00-89.00  sec  0.00 Bytes  0.00 bits/sec    0   1.41 KBytes       
[  6]  89.00-90.00  sec  0.00 Bytes  0.00 bits/sec    0   1.41 KBytes       
[  6]  90.00-91.00  sec  0.00 Bytes  0.00 bits/sec    0   1.41 KBytes       
[  6]  91.00-92.00  sec  0.00 Bytes  0.00 bits/sec    0   1.41 KBytes       
[  6]  92.00-93.00  sec  0.00 Bytes  0.00 bits/sec    0   1.41 KBytes       
[  6]  93.00-94.00  sec  0.00 Bytes  0.00 bits/sec    0   1.41 KBytes       
[  6]  94.00-95.00  sec  0.00 Bytes  0.00 bits/sec    0   1.41 KBytes       
[  6]  95.00-96.00  sec  0.00 Bytes  0.00 bits/sec    0   1.41 KBytes       
[  6]  96.00-97.00  sec  0.00 Bytes  0.00 bits/sec    0   1.41 KBytes       
[  6]  97.00-98.00  sec  0.00 Bytes  0.00 bits/sec    0   1.41 KBytes       
[  6]  98.00-99.00  sec  0.00 Bytes  0.00 bits/sec    0   1.41 KBytes       
[  6]  99.00-100.00 sec  0.00 Bytes  0.00 bits/sec    0   1.41 KBytes       
[  6] 100.00-101.00 sec  0.00 Bytes  0.00 bits/sec    0   1.41 KBytes       
[  6] 101.00-102.00 sec  0.00 Bytes  0.00 bits/sec    0   1.41 KBytes       
[  6] 102.00-103.00 sec  0.00 Bytes  0.00 bits/sec    0   1.41 KBytes       
[  6] 103.00-104.00 sec  0.00 Bytes  0.00 bits/sec    0   1.41 KBytes       
[  6] 104.00-105.00 sec  0.00 Bytes  0.00 bits/sec    0   1.41 KBytes       
[  6] 105.00-106.00 sec  0.00 Bytes  0.00 bits/sec    0   1.41 KBytes       
[  6] 106.00-107.00 sec  0.00 Bytes  0.00 bits/sec    0   1.41 KBytes       
[  6] 107.00-108.00 sec  0.00 Bytes  0.00 bits/sec    0   1.41 KBytes       
[  6] 108.00-109.00 sec  0.00 Bytes  0.00 bits/sec    0   1.41 KBytes       
[  6] 109.00-110.00 sec  0.00 Bytes  0.00 bits/sec    0   1.41 KBytes       
[  6] 110.00-111.00 sec  0.00 Bytes  0.00 bits/sec    0   1.41 KBytes       
[  6] 111.00-112.00 sec  0.00 Bytes  0.00 bits/sec    0   1.41 KBytes       
[  6] 112.00-113.00 sec  0.00 Bytes  0.00 bits/sec    0   1.41 KBytes       
[  6] 113.00-114.00 sec  0.00 Bytes  0.00 bits/sec    0   1.41 KBytes       
[  6] 114.00-115.00 sec  0.00 Bytes  0.00 bits/sec    0   1.41 KBytes       
[  6] 115.00-116.00 sec  0.00 Bytes  0.00 bits/sec    0   1.41 KBytes       
[  6] 116.00-117.00 sec  0.00 Bytes  0.00 bits/sec    0   1.41 KBytes       
[  6] 117.00-118.00 sec  0.00 Bytes  0.00 bits/sec    0   1.41 KBytes       
[  6] 118.00-119.00 sec  0.00 Bytes  0.00 bits/sec    0   1.41 KBytes       
[  6] 119.00-120.00 sec  0.00 Bytes  0.00 bits/sec    0   1.41 KBytes       
[  6] 120.00-121.00 sec  0.00 Bytes  0.00 bits/sec    0   1.41 KBytes       
[  6] 121.00-122.00 sec  0.00 Bytes  0.00 bits/sec    0   1.41 KBytes       
[  6] 122.00-123.00 sec  0.00 Bytes  0.00 bits/sec    1   1.41 KBytes       
[  6] 123.00-124.00 sec  0.00 Bytes  0.00 bits/sec    0   1.41 KBytes       
[  6] 124.00-125.00 sec  0.00 Bytes  0.00 bits/sec    0   1.41 KBytes       
[  6] 125.00-126.00 sec  0.00 Bytes  0.00 bits/sec    0   1.41 KBytes       
[  6] 126.00-127.00 sec  0.00 Bytes  0.00 bits/sec    0   1.41 KBytes       
[  6] 127.00-128.00 sec  0.00 Bytes  0.00 bits/sec    0   1.41 KBytes       
[  6] 128.00-129.00 sec  0.00 Bytes  0.00 bits/sec    0   1.41 KBytes       
[  6] 129.00-130.00 sec  0.00 Bytes  0.00 bits/sec    0   1.41 KBytes       
[  6] 130.00-131.00 sec  0.00 Bytes  0.00 bits/sec    0   1.41 KBytes       
[  6] 131.00-132.00 sec  0.00 Bytes  0.00 bits/sec    0   1.41 KBytes       
[  6] 132.00-133.00 sec  0.00 Bytes  0.00 bits/sec    0   1.41 KBytes       
[  6] 133.00-134.00 sec  0.00 Bytes  0.00 bits/sec    0   1.41 KBytes       
[  6] 134.00-135.00 sec  0.00 Bytes  0.00 bits/sec    0   1.41 KBytes       
[  6] 135.00-136.00 sec  0.00 Bytes  0.00 bits/sec    0   1.41 KBytes       
[  6] 136.00-137.00 sec  0.00 Bytes  0.00 bits/sec    0   1.41 KBytes       
[  6] 137.00-138.00 sec  0.00 Bytes  0.00 bits/sec    0   1.41 KBytes       
[  6] 138.00-139.00 sec  0.00 Bytes  0.00 bits/sec    0   1.41 KBytes       
[  6] 139.00-140.00 sec  0.00 Bytes  0.00 bits/sec    0   1.41 KBytes       
[  6] 140.00-141.00 sec  0.00 Bytes  0.00 bits/sec    0   1.41 KBytes       
[  6] 141.00-142.00 sec  0.00 Bytes  0.00 bits/sec    0   1.41 KBytes       
[  6] 142.00-143.00 sec  0.00 Bytes  0.00 bits/sec    0   1.41 KBytes       
[  6] 143.00-144.00 sec  0.00 Bytes  0.00 bits/sec    0   1.41 KBytes       
[  6] 144.00-145.00 sec  0.00 Bytes  0.00 bits/sec    0   1.41 KBytes       
[  6] 145.00-146.00 sec  0.00 Bytes  0.00 bits/sec    0   1.41 KBytes       
[  6] 146.00-147.00 sec  0.00 Bytes  0.00 bits/sec    0   1.41 KBytes       
[  6] 147.00-148.00 sec  0.00 Bytes  0.00 bits/sec    0   1.41 KBytes       
[  6] 148.00-149.00 sec  0.00 Bytes  0.00 bits/sec    0   1.41 KBytes       
[  6] 149.00-150.00 sec  0.00 Bytes  0.00 bits/sec    0   1.41 KBytes       
[  6] 150.00-151.00 sec  0.00 Bytes  0.00 bits/sec    0   1.41 KBytes       
[  6] 151.00-152.00 sec  0.00 Bytes  0.00 bits/sec    0   1.41 KBytes       
[  6] 152.00-153.00 sec  0.00 Bytes  0.00 bits/sec    0   1.41 KBytes       
[  6] 153.00-154.00 sec  0.00 Bytes  0.00 bits/sec    0   1.41 KBytes       
[  6] 154.00-155.00 sec  0.00 Bytes  0.00 bits/sec    0   1.41 KBytes       
[  6] 155.00-156.00 sec  0.00 Bytes  0.00 bits/sec    0   1.41 KBytes       
[  6] 156.00-157.00 sec  0.00 Bytes  0.00 bits/sec    0   1.41 KBytes       
[  6] 157.00-158.00 sec  0.00 Bytes  0.00 bits/sec    0   1.41 KBytes       
[  6] 158.00-159.00 sec  0.00 Bytes  0.00 bits/sec    0   1.41 KBytes       
[  6] 159.00-160.00 sec  0.00 Bytes  0.00 bits/sec    0   1.41 KBytes       
[  6] 160.00-161.00 sec  0.00 Bytes  0.00 bits/sec    0   1.41 KBytes       
[  6] 161.00-162.00 sec  0.00 Bytes  0.00 bits/sec    0   1.41 KBytes       
[  6] 162.00-163.00 sec  0.00 Bytes  0.00 bits/sec    0   1.41 KBytes       
[  6] 163.00-164.00 sec  0.00 Bytes  0.00 bits/sec    0   1.41 KBytes       
[  6] 164.00-165.00 sec  0.00 Bytes  0.00 bits/sec    0   1.41 KBytes       
[  6] 165.00-166.00 sec  0.00 Bytes  0.00 bits/sec    0   1.41 KBytes       
[  6] 166.00-167.00 sec  0.00 Bytes  0.00 bits/sec    0   1.41 KBytes       
[  6] 167.00-168.00 sec  0.00 Bytes  0.00 bits/sec    0   1.41 KBytes       
[  6] 168.00-169.00 sec  0.00 Bytes  0.00 bits/sec    0   1.41 KBytes       
[  6] 169.00-170.00 sec  0.00 Bytes  0.00 bits/sec    0   1.41 KBytes       
[  6] 170.00-171.00 sec  0.00 Bytes  0.00 bits/sec    0   1.41 KBytes       
[  6] 171.00-172.00 sec  0.00 Bytes  0.00 bits/sec    0   1.41 KBytes       
[  6] 172.00-173.00 sec  0.00 Bytes  0.00 bits/sec    0   1.41 KBytes       
[  6] 173.00-174.00 sec  0.00 Bytes  0.00 bits/sec    0   1.41 KBytes       
[  6] 174.00-175.00 sec  0.00 Bytes  0.00 bits/sec    0   1.41 KBytes       
[  6] 175.00-176.00 sec  0.00 Bytes  0.00 bits/sec    0   1.41 KBytes       
[  6] 176.00-177.00 sec  0.00 Bytes  0.00 bits/sec    0   1.41 KBytes       
[  6] 177.00-178.00 sec  0.00 Bytes  0.00 bits/sec    0   1.41 KBytes       
[  6] 178.00-179.00 sec  0.00 Bytes  0.00 bits/sec    0   1.41 KBytes       
[  6] 179.00-180.00 sec  0.00 Bytes  0.00 bits/sec    0   1.41 KBytes       
[  6] 180.00-181.00 sec  0.00 Bytes  0.00 bits/sec    0   1.41 KBytes       
[  6] 181.00-182.00 sec  0.00 Bytes  0.00 bits/sec    0   1.41 KBytes       
[  6] 182.00-183.00 sec  0.00 Bytes  0.00 bits/sec    0   1.41 KBytes       
[  6] 183.00-184.00 sec  0.00 Bytes  0.00 bits/sec    0   1.41 KBytes       
[  6] 184.00-185.00 sec  0.00 Bytes  0.00 bits/sec    0   1.41 KBytes       
[  6] 185.00-186.00 sec  0.00 Bytes  0.00 bits/sec    0   1.41 KBytes       
[  6] 186.00-187.00 sec  0.00 Bytes  0.00 bits/sec    0   1.41 KBytes       
[  6] 187.00-188.00 sec  0.00 Bytes  0.00 bits/sec    0   1.41 KBytes       
[  6] 188.00-189.00 sec  0.00 Bytes  0.00 bits/sec    0   1.41 KBytes       
[  6] 189.00-190.00 sec  0.00 Bytes  0.00 bits/sec    0   1.41 KBytes       
[  6] 190.00-191.00 sec  0.00 Bytes  0.00 bits/sec    0   1.41 KBytes       
[  6] 191.00-192.00 sec  0.00 Bytes  0.00 bits/sec    0   1.41 KBytes       
[  6] 192.00-193.00 sec  0.00 Bytes  0.00 bits/sec    0   1.41 KBytes       
[  6] 193.00-194.00 sec  0.00 Bytes  0.00 bits/sec    0   1.41 KBytes       
[  6] 194.00-195.00 sec  0.00 Bytes  0.00 bits/sec    0   1.41 KBytes       
[  6] 195.00-196.00 sec  0.00 Bytes  0.00 bits/sec    0   1.41 KBytes       
[  6] 196.00-197.00 sec  0.00 Bytes  0.00 bits/sec    0   1.41 KBytes       
[  6] 197.00-198.00 sec  0.00 Bytes  0.00 bits/sec    0   1.41 KBytes       
[  6] 198.00-199.00 sec  0.00 Bytes  0.00 bits/sec    0   1.41 KBytes       
[  6] 199.00-200.00 sec  0.00 Bytes  0.00 bits/sec    0   1.41 KBytes       
[  6] 200.00-201.00 sec  0.00 Bytes  0.00 bits/sec    0   1.41 KBytes       
[  6] 201.00-202.00 sec  0.00 Bytes  0.00 bits/sec    0   1.41 KBytes       
[  6] 202.00-203.00 sec  0.00 Bytes  0.00 bits/sec    0   1.41 KBytes       
[  6] 203.00-204.00 sec  0.00 Bytes  0.00 bits/sec    0   1.41 KBytes       
[  6] 204.00-205.00 sec  0.00 Bytes  0.00 bits/sec    0   1.41 KBytes       
[  6] 205.00-206.00 sec  0.00 Bytes  0.00 bits/sec    0   1.41 KBytes       
[  6] 206.00-207.00 sec  0.00 Bytes  0.00 bits/sec    0   1.41 KBytes       
[  6] 207.00-208.00 sec  0.00 Bytes  0.00 bits/sec    0   1.41 KBytes       
[  6] 208.00-209.00 sec  0.00 Bytes  0.00 bits/sec    0   1.41 KBytes       
[  6] 209.00-210.00 sec  0.00 Bytes  0.00 bits/sec    0   1.41 KBytes       
[  6] 210.00-211.00 sec  0.00 Bytes  0.00 bits/sec    0   1.41 KBytes       
[  6] 211.00-212.00 sec  0.00 Bytes  0.00 bits/sec    0   1.41 KBytes       
[  6] 212.00-213.00 sec  0.00 Bytes  0.00 bits/sec    0   1.41 KBytes       
[  6] 213.00-214.00 sec  0.00 Bytes  0.00 bits/sec    0   1.41 KBytes       
[  6] 214.00-215.00 sec  0.00 Bytes  0.00 bits/sec    0   1.41 KBytes       
[  6] 215.00-216.00 sec  0.00 Bytes  0.00 bits/sec    0   1.41 KBytes       
[  6] 216.00-217.00 sec  0.00 Bytes  0.00 bits/sec    0   1.41 KBytes       
[  6] 217.00-218.00 sec  0.00 Bytes  0.00 bits/sec    0   1.41 KBytes       
[  6] 218.00-219.00 sec  0.00 Bytes  0.00 bits/sec    0   1.41 KBytes       
[  6] 219.00-220.00 sec  0.00 Bytes  0.00 bits/sec    0   1.41 KBytes       
[  6] 220.00-221.00 sec  0.00 Bytes  0.00 bits/sec    0   1.41 KBytes       
[  6] 221.00-222.00 sec  0.00 Bytes  0.00 bits/sec    0   1.41 KBytes       
[  6] 222.00-223.00 sec  0.00 Bytes  0.00 bits/sec    0   1.41 KBytes       
[  6] 223.00-224.00 sec  0.00 Bytes  0.00 bits/sec    0   1.41 KBytes       
[  6] 224.00-225.00 sec  0.00 Bytes  0.00 bits/sec    0   1.41 KBytes       
[  6] 225.00-226.00 sec  0.00 Bytes  0.00 bits/sec    0   1.41 KBytes       
[  6] 226.00-227.00 sec  0.00 Bytes  0.00 bits/sec    0   1.41 KBytes       
[  6] 227.00-228.00 sec  0.00 Bytes  0.00 bits/sec    0   1.41 KBytes       
[  6] 228.00-229.00 sec  0.00 Bytes  0.00 bits/sec    0   1.41 KBytes       
[  6] 229.00-230.00 sec  0.00 Bytes  0.00 bits/sec    0   1.41 KBytes       
[  6] 230.00-231.00 sec  0.00 Bytes  0.00 bits/sec    0   1.41 KBytes       
[  6] 231.00-232.00 sec  0.00 Bytes  0.00 bits/sec    0   1.41 KBytes       
[  6] 232.00-233.00 sec  0.00 Bytes  0.00 bits/sec    0   1.41 KBytes       
[  6] 233.00-234.00 sec  0.00 Bytes  0.00 bits/sec    0   1.41 KBytes       
[  6] 234.00-235.00 sec  0.00 Bytes  0.00 bits/sec    0   1.41 KBytes       
[  6] 235.00-236.00 sec  0.00 Bytes  0.00 bits/sec    0   1.41 KBytes       
[  6] 236.00-237.00 sec  0.00 Bytes  0.00 bits/sec    0   1.41 KBytes       
[  6] 237.00-238.00 sec  0.00 Bytes  0.00 bits/sec    0   1.41 KBytes       
[  6] 238.00-239.00 sec  0.00 Bytes  0.00 bits/sec    1   1.41 KBytes       
[  6] 239.00-240.00 sec  0.00 Bytes  0.00 bits/sec    0   1.41 KBytes       
[  6] 240.00-241.00 sec  0.00 Bytes  0.00 bits/sec    0   1.41 KBytes       
[  6] 241.00-242.00 sec  0.00 Bytes  0.00 bits/sec    0   1.41 KBytes       
[  6] 242.00-243.00 sec  0.00 Bytes  0.00 bits/sec    0   1.41 KBytes       
[  6] 243.00-244.00 sec  0.00 Bytes  0.00 bits/sec    0   1.41 KBytes       
[  6] 244.00-245.00 sec  0.00 Bytes  0.00 bits/sec    0   1.41 KBytes       
[  6] 245.00-246.00 sec  0.00 Bytes  0.00 bits/sec    0   1.41 KBytes       
[  6] 246.00-247.00 sec  0.00 Bytes  0.00 bits/sec    0   1.41 KBytes       
[  6] 247.00-248.00 sec  0.00 Bytes  0.00 bits/sec    0   1.41 KBytes       
[  6] 248.00-249.00 sec  0.00 Bytes  0.00 bits/sec    0   1.41 KBytes       
[  6] 249.00-250.00 sec  0.00 Bytes  0.00 bits/sec    0   1.41 KBytes       
[  6] 250.00-251.00 sec  0.00 Bytes  0.00 bits/sec    0   1.41 KBytes       
[  6] 251.00-252.00 sec  0.00 Bytes  0.00 bits/sec    0   1.41 KBytes       
[  6] 252.00-253.00 sec  0.00 Bytes  0.00 bits/sec    0   1.41 KBytes       
[  6] 253.00-254.00 sec  0.00 Bytes  0.00 bits/sec    0   1.41 KBytes       
[  6] 254.00-255.00 sec  0.00 Bytes  0.00 bits/sec    0   1.41 KBytes       
[  6] 255.00-256.00 sec  0.00 Bytes  0.00 bits/sec    0   1.41 KBytes       
[  6] 256.00-257.00 sec  0.00 Bytes  0.00 bits/sec    0   1.41 KBytes       
[  6] 257.00-258.00 sec  0.00 Bytes  0.00 bits/sec    0   1.41 KBytes       
[  6] 258.00-259.00 sec  0.00 Bytes  0.00 bits/sec    0   1.41 KBytes       
[  6] 259.00-260.00 sec  0.00 Bytes  0.00 bits/sec    0   1.41 KBytes       
[  6] 260.00-261.00 sec  0.00 Bytes  0.00 bits/sec    0   1.41 KBytes       
[  6] 261.00-262.00 sec  0.00 Bytes  0.00 bits/sec    0   1.41 KBytes       
[  6] 262.00-263.00 sec  0.00 Bytes  0.00 bits/sec    0   1.41 KBytes       
[  6] 263.00-264.00 sec  0.00 Bytes  0.00 bits/sec    0   1.41 KBytes       
[  6] 264.00-265.00 sec  0.00 Bytes  0.00 bits/sec    0   1.41 KBytes       
[  6] 265.00-266.00 sec  0.00 Bytes  0.00 bits/sec    0   1.41 KBytes       
[  6] 266.00-267.00 sec  0.00 Bytes  0.00 bits/sec    0   1.41 KBytes       
[  6] 267.00-268.00 sec  0.00 Bytes  0.00 bits/sec    0   1.41 KBytes       
[  6] 268.00-269.00 sec  0.00 Bytes  0.00 bits/sec    0   1.41 KBytes       
[  6] 269.00-270.00 sec  0.00 Bytes  0.00 bits/sec    0   1.41 KBytes       
[  6] 270.00-271.00 sec  0.00 Bytes  0.00 bits/sec    0   1.41 KBytes       
[  6] 271.00-272.00 sec  0.00 Bytes  0.00 bits/sec    0   1.41 KBytes       
[  6] 272.00-273.00 sec  0.00 Bytes  0.00 bits/sec    0   1.41 KBytes       
[  6] 273.00-274.00 sec  0.00 Bytes  0.00 bits/sec    0   1.41 KBytes       
[  6] 274.00-274.56 sec  0.00 Bytes  0.00 bits/sec    0   1.41 KBytes       
- - - - - - - - - - - - - - - - - - - - - - - - -
[ ID] Interval           Transfer     Bitrate         Retr
[  6]   0.00-274.56 sec   123 MBytes  3.77 Mbits/sec   34            sender
[  6]   0.00-274.56 sec  0.00 Bytes  0.00 bits/sec                  receiver
iperf3: interrupt - the client has terminated by signal Interrupt(2)
iperf3: error - unable to connect to server - server may have stopped running or use a different port, firewall issue, etc.: Network is unreachable
iperf3: error - unable to connect to server - server may have stopped running or use a different port, firewall issue, etc.: Network is unreachable
Connecting to host 192.168.3.2, port 10021
[  6] local 192.168.2.2 port 53814 connected to 192.168.3.2 port 10021
[ ID] Interval           Transfer     Bitrate         Retr  Cwnd
[  6]   0.00-1.00   sec   123 MBytes  1.03 Gbits/sec    3   26.7 KBytes       
[  6]   1.00-2.00   sec  0.00 Bytes  0.00 bits/sec    8   4.22 KBytes       
[  6]   2.00-3.00   sec  0.00 Bytes  0.00 bits/sec   13   2.81 KBytes       
[  6]   3.00-4.00   sec  0.00 Bytes  0.00 bits/sec    2   1.41 KBytes       
[  6]   4.00-5.00   sec  0.00 Bytes  0.00 bits/sec    1   1.41 KBytes       
[  6]   5.00-6.00   sec  0.00 Bytes  0.00 bits/sec    0   1.41 KBytes       
[  6]   6.00-7.00   sec  0.00 Bytes  0.00 bits/sec    1   1.41 KBytes       
[  6]   7.00-8.00   sec  0.00 Bytes  0.00 bits/sec    0   1.41 KBytes       
[  6]   8.00-9.00   sec  0.00 Bytes  0.00 bits/sec    0   1.41 KBytes       
[  6]   9.00-10.00  sec  0.00 Bytes  0.00 bits/sec    0   1.41 KBytes       
[  6]  10.00-11.00  sec  0.00 Bytes  0.00 bits/sec    1   1.41 KBytes       
[  6]  11.00-12.00  sec  0.00 Bytes  0.00 bits/sec    0   1.41 KBytes       
[  6]  12.00-12.92  sec  0.00 Bytes  0.00 bits/sec    0   1.41 KBytes       
- - - - - - - - - - - - - - - - - - - - - - - - -
[ ID] Interval           Transfer     Bitrate         Retr
[  6]   0.00-12.92  sec   123 MBytes  80.1 Mbits/sec   29            sender
[  6]   0.00-12.92  sec  0.00 Bytes  0.00 bits/sec                  receiver
iperf3: interrupt - the client has terminated by signal Interrupt(2)
Connecting to host 192.168.3.2, port 10021
[  6] local 192.168.2.2 port 36154 connected to 192.168.3.2 port 10021
[ ID] Interval           Transfer     Bitrate         Retr  Cwnd
[  6]   0.00-1.00   sec   124 MBytes  1.03 Gbits/sec    0    118 KBytes       
[  6]   1.00-2.00   sec  0.00 Bytes  0.00 bits/sec    0    218 KBytes       
[  6]   2.00-3.00   sec  0.00 Bytes  0.00 bits/sec    0    316 KBytes       
[  6]   3.00-4.00   sec  0.00 Bytes  0.00 bits/sec    0    409 KBytes       
[  6]   4.00-5.00   sec  0.00 Bytes  0.00 bits/sec    0    525 KBytes       
[  6]   5.00-6.00   sec  0.00 Bytes  0.00 bits/sec    0    640 KBytes       
[  6]   6.00-7.00   sec  0.00 Bytes  0.00 bits/sec    0    734 KBytes       
[  6]   7.00-8.00   sec  0.00 Bytes  0.00 bits/sec    0    845 KBytes       
[  6]   8.00-9.00   sec  0.00 Bytes  0.00 bits/sec    0    951 KBytes       
[  6]   9.00-10.00  sec  0.00 Bytes  0.00 bits/sec    0   1.02 MBytes       
[  6]  10.00-11.00  sec  0.00 Bytes  0.00 bits/sec    0   1.13 MBytes       
[  6]  11.00-12.00  sec  0.00 Bytes  0.00 bits/sec    0   1.24 MBytes       
[  6]  12.00-13.00  sec  0.00 Bytes  0.00 bits/sec    0   1.33 MBytes       
[  6]  13.00-14.00  sec  0.00 Bytes  0.00 bits/sec    0   1.45 MBytes       
[  6]  14.00-15.00  sec  0.00 Bytes  0.00 bits/sec    0   1.67 MBytes       
[  6]  15.00-16.00  sec  0.00 Bytes  0.00 bits/sec    0   1.99 MBytes       
[  6]  16.00-17.00  sec  0.00 Bytes  0.00 bits/sec    0   2.38 MBytes       
[  6]  17.00-18.00  sec  0.00 Bytes  0.00 bits/sec    0   2.81 MBytes       
[  6]  18.00-19.00  sec  0.00 Bytes  0.00 bits/sec    0   3.24 MBytes       
[  6]  19.00-20.00  sec  41.9 MBytes   351 Mbits/sec    0   3.76 MBytes       
[  6]  20.00-21.00  sec  0.00 Bytes  0.00 bits/sec    0   4.30 MBytes       
[  6]  21.00-22.00  sec  0.00 Bytes  0.00 bits/sec    0   4.81 MBytes       
[  6]  22.00-23.00  sec  0.00 Bytes  0.00 bits/sec    0   5.49 MBytes       
[  6]  23.00-24.00  sec  0.00 Bytes  0.00 bits/sec    0   6.15 MBytes       
[  6]  24.00-25.00  sec  0.00 Bytes  0.00 bits/sec    0   6.78 MBytes       
[  6]  25.00-26.00  sec  0.00 Bytes  0.00 bits/sec    0   7.67 MBytes       
[  6]  26.00-27.00  sec  0.00 Bytes  0.00 bits/sec    0   8.57 MBytes       
[  6]  27.00-28.00  sec  0.00 Bytes  0.00 bits/sec    0   9.29 MBytes       
[  6]  28.00-29.00  sec  0.00 Bytes  0.00 bits/sec    0   10.2 MBytes       
[  6]  29.00-30.00  sec  0.00 Bytes  0.00 bits/sec    0   11.1 MBytes       
[  6]  30.00-31.00  sec  0.00 Bytes  0.00 bits/sec  302   10.7 MBytes       
[  6]  31.00-32.00  sec  0.00 Bytes  0.00 bits/sec  644   9.05 MBytes       
[  6]  32.00-33.00  sec  0.00 Bytes  0.00 bits/sec  609   7.75 MBytes       
[  6]  33.00-34.00  sec  0.00 Bytes  0.00 bits/sec  635   8.07 MBytes       
[  6]  34.00-35.00  sec  0.00 Bytes  0.00 bits/sec    0   8.07 MBytes       
[  6]  35.00-36.00  sec  0.00 Bytes  0.00 bits/sec    0   8.07 MBytes       
[  6]  36.00-37.00  sec  0.00 Bytes  0.00 bits/sec    0   8.07 MBytes       
[  6]  37.00-38.00  sec  0.00 Bytes  0.00 bits/sec    0   8.14 MBytes       
[  6]  38.00-39.00  sec  41.9 MBytes   351 Mbits/sec    0   8.34 MBytes       
[  6]  39.00-40.00  sec  0.00 Bytes  0.00 bits/sec    0   8.59 MBytes       
[  6]  40.00-41.00  sec  0.00 Bytes  0.00 bits/sec    0   8.86 MBytes       
[  6]  41.00-42.00  sec  0.00 Bytes  0.00 bits/sec    0   9.17 MBytes       
[  6]  42.00-43.00  sec  0.00 Bytes  0.00 bits/sec    0   9.47 MBytes       
[  6]  43.00-44.00  sec  0.00 Bytes  0.00 bits/sec  160   8.74 MBytes       
[  6]  44.00-45.00  sec  0.00 Bytes  0.00 bits/sec  241   7.59 MBytes       
[  6]  45.00-46.00  sec  0.00 Bytes  0.00 bits/sec  215   6.61 MBytes       
[  6]  46.00-47.00  sec  0.00 Bytes  0.00 bits/sec  122   6.65 MBytes       
[  6]  47.00-48.00  sec  0.00 Bytes  0.00 bits/sec    0   6.65 MBytes       
[  6]  48.00-49.00  sec  0.00 Bytes  0.00 bits/sec    0   6.65 MBytes       
[  6]  49.00-50.00  sec  0.00 Bytes  0.00 bits/sec    0   6.69 MBytes       
[  6]  50.00-51.00  sec  0.00 Bytes  0.00 bits/sec    0   6.80 MBytes       
[  6]  51.00-52.00  sec  0.00 Bytes  0.00 bits/sec    0   6.95 MBytes       
[  6]  52.00-53.00  sec  0.00 Bytes  0.00 bits/sec    0   7.09 MBytes       
[  6]  53.00-54.00  sec  0.00 Bytes  0.00 bits/sec    0   7.26 MBytes       
[  6]  54.00-55.00  sec  42.0 MBytes   352 Mbits/sec    0   7.36 MBytes       
[  6]  55.00-56.00  sec  0.00 Bytes  0.00 bits/sec    0   7.44 MBytes       
[  6]  56.00-57.00  sec  0.00 Bytes  0.00 bits/sec    0   7.51 MBytes       
[  6]  57.00-58.00  sec  0.00 Bytes  0.00 bits/sec    0   7.60 MBytes       
[  6]  58.00-59.00  sec  0.00 Bytes  0.00 bits/sec    0   7.68 MBytes       
[  6]  59.00-60.00  sec  0.00 Bytes  0.00 bits/sec    0   7.73 MBytes       
[  6]  60.00-61.00  sec  0.00 Bytes  0.00 bits/sec    0   7.79 MBytes       
[  6]  61.00-62.00  sec  0.00 Bytes  0.00 bits/sec    0   7.85 MBytes       
[  6]  62.00-63.00  sec  0.00 Bytes  0.00 bits/sec    0   7.89 MBytes       
[  6]  63.00-64.00  sec  0.00 Bytes  0.00 bits/sec    0   7.93 MBytes       
[  6]  64.00-65.00  sec  0.00 Bytes  0.00 bits/sec    0   7.97 MBytes       
[  6]  65.00-66.00  sec  0.00 Bytes  0.00 bits/sec    0   8.00 MBytes       
[  6]  66.00-67.00  sec  0.00 Bytes  0.00 bits/sec    0   8.03 MBytes       
[  6]  67.00-68.00  sec  0.00 Bytes  0.00 bits/sec    0   8.06 MBytes       
[  6]  68.00-69.00  sec  0.00 Bytes  0.00 bits/sec    0   8.09 MBytes       
[  6]  69.00-70.00  sec  0.00 Bytes  0.00 bits/sec    0   8.13 MBytes       
[  6]  70.00-71.00  sec  0.00 Bytes  0.00 bits/sec    0   8.18 MBytes       
[  6]  71.00-72.00  sec  0.00 Bytes  0.00 bits/sec    0   8.24 MBytes       
[  6]  72.00-73.00  sec  0.00 Bytes  0.00 bits/sec    0   8.32 MBytes       
[  6]  73.00-74.00  sec  0.00 Bytes  0.00 bits/sec    0   8.43 MBytes       
[  6]  74.00-75.00  sec  0.00 Bytes  0.00 bits/sec    0   8.57 MBytes       
[  6]  75.00-76.00  sec  41.9 MBytes   351 Mbits/sec    0   8.71 MBytes       
[  6]  76.00-77.00  sec  0.00 Bytes  0.00 bits/sec    0   8.92 MBytes       
[  6]  77.00-78.00  sec  0.00 Bytes  0.00 bits/sec    0   9.15 MBytes       
[  6]  78.00-79.00  sec  0.00 Bytes  0.00 bits/sec   93   8.37 MBytes       
[  6]  79.00-80.00  sec  0.00 Bytes  0.00 bits/sec  138   7.38 MBytes       
[  6]  80.00-81.00  sec  0.00 Bytes  0.00 bits/sec  165   6.40 MBytes       
[  6]  81.00-82.00  sec  0.00 Bytes  0.00 bits/sec   69   6.30 MBytes       
[  6]  82.00-83.00  sec  0.00 Bytes  0.00 bits/sec    0   6.30 MBytes       
[  6]  83.00-84.00  sec  0.00 Bytes  0.00 bits/sec    0   6.30 MBytes       
[  6]  84.00-85.00  sec  0.00 Bytes  0.00 bits/sec    0   6.46 MBytes       
[  6]  85.00-86.00  sec  0.00 Bytes  0.00 bits/sec    0   6.67 MBytes       
[  6]  86.00-87.00  sec  0.00 Bytes  0.00 bits/sec    0   6.93 MBytes       
[  6]  87.00-88.00  sec  0.00 Bytes  0.00 bits/sec    0   7.14 MBytes       
[  6]  88.00-89.00  sec  0.00 Bytes  0.00 bits/sec    0   7.43 MBytes       
[  6]  89.00-90.00  sec  0.00 Bytes  0.00 bits/sec    0   7.68 MBytes       
[  6]  90.00-91.00  sec  0.00 Bytes  0.00 bits/sec    0   7.91 MBytes       
[  6]  91.00-92.00  sec  0.00 Bytes  0.00 bits/sec    0   8.11 MBytes       
[  6]  92.00-93.00  sec  41.9 MBytes   351 Mbits/sec    0   8.31 MBytes       
[  6]  93.00-94.00  sec  0.00 Bytes  0.00 bits/sec    0   8.48 MBytes       
[  6]  94.00-95.00  sec  0.00 Bytes  0.00 bits/sec    0   8.60 MBytes       
[  6]  95.00-96.00  sec  0.00 Bytes  0.00 bits/sec    0   8.72 MBytes       
[  6]  96.00-97.00  sec  0.00 Bytes  0.00 bits/sec    0   8.82 MBytes       
[  6]  97.00-98.00  sec  0.00 Bytes  0.00 bits/sec   11   8.78 MBytes       
[  6]  98.00-99.00  sec  0.00 Bytes  0.00 bits/sec   95   7.90 MBytes       
[  6]  99.00-100.00 sec  0.00 Bytes  0.00 bits/sec   51   7.37 MBytes       
[  6] 100.00-101.00 sec  0.00 Bytes  0.00 bits/sec    0   7.37 MBytes       
[  6] 101.00-102.00 sec  0.00 Bytes  0.00 bits/sec    0   7.37 MBytes       
[  6] 102.00-103.00 sec  0.00 Bytes  0.00 bits/sec    0   7.37 MBytes       
[  6] 103.00-104.00 sec  0.00 Bytes  0.00 bits/sec    1   1.41 KBytes       
[  6] 104.00-105.00 sec  0.00 Bytes  0.00 bits/sec    0   1.41 KBytes       
- - - - - - - - - - - - - - - - - - - - - - - - -
[ ID] Interval           Transfer     Bitrate         Retr
[  6]   0.00-105.09 sec   333 MBytes  26.6 Mbits/sec  3551            sender
[  6]   0.00-105.09 sec  0.00 Bytes  0.00 bits/sec                  receiver
iperf3: interrupt - the client has terminated by signal Interrupt(2)
Connecting to host 192.168.3.2, port 10021
[  6] local 192.168.2.2 port 56942 connected to 192.168.3.2 port 10021
[ ID] Interval           Transfer     Bitrate         Retr  Cwnd
[  6]   0.00-1.00   sec   124 MBytes  1.03 Gbits/sec    0    118 KBytes       
[  6]   1.00-2.00   sec  0.00 Bytes  0.00 bits/sec    0    215 KBytes       
[  6]   2.00-3.00   sec  0.00 Bytes  0.00 bits/sec    0    302 KBytes       
[  6]   3.00-4.00   sec  0.00 Bytes  0.00 bits/sec    0    395 KBytes       
[  6]   4.00-5.00   sec  0.00 Bytes  0.00 bits/sec    5    217 KBytes       
[  6]   5.00-6.00   sec  0.00 Bytes  0.00 bits/sec    2    166 KBytes       
[  6]   6.00-7.00   sec  0.00 Bytes  0.00 bits/sec    0    179 KBytes       
[  6]   7.00-8.00   sec  0.00 Bytes  0.00 bits/sec    0    183 KBytes       
[  6]   8.00-9.00   sec  0.00 Bytes  0.00 bits/sec    0    183 KBytes       
[  6]   9.00-10.00  sec  0.00 Bytes  0.00 bits/sec    0    188 KBytes       
[  6]  10.00-11.00  sec  0.00 Bytes  0.00 bits/sec    0    197 KBytes       
[  6]  11.00-12.00  sec  0.00 Bytes  0.00 bits/sec    0    204 KBytes       
[  6]  12.00-13.00  sec  0.00 Bytes  0.00 bits/sec    0    215 KBytes       
[  6]  13.00-14.00  sec  0.00 Bytes  0.00 bits/sec    0    246 KBytes       
[  6]  14.00-15.00  sec  0.00 Bytes  0.00 bits/sec    2    172 KBytes       
[  6]  15.00-16.00  sec  0.00 Bytes  0.00 bits/sec    0    153 KBytes       
[  6]  16.00-17.00  sec  0.00 Bytes  0.00 bits/sec    0    163 KBytes       
[  6]  17.00-18.00  sec  0.00 Bytes  0.00 bits/sec    0    166 KBytes       
[  6]  18.00-19.00  sec  0.00 Bytes  0.00 bits/sec    0    172 KBytes       
[  6]  19.00-20.00  sec  0.00 Bytes  0.00 bits/sec    0    179 KBytes       
[  6]  20.00-21.00  sec  0.00 Bytes  0.00 bits/sec    0    187 KBytes       
[  6]  21.00-22.00  sec  41.9 MBytes   351 Mbits/sec    0    195 KBytes       
[  6]  22.00-23.00  sec  0.00 Bytes  0.00 bits/sec    0    205 KBytes       
[  6]  23.00-24.00  sec  0.00 Bytes  0.00 bits/sec    0    240 KBytes       
[  6]  24.00-25.00  sec  0.00 Bytes  0.00 bits/sec    2    169 KBytes       
[  6]  25.00-26.00  sec  0.00 Bytes  0.00 bits/sec    0    155 KBytes       
[  6]  26.00-27.00  sec  0.00 Bytes  0.00 bits/sec    0    163 KBytes       
[  6]  27.00-28.00  sec  0.00 Bytes  0.00 bits/sec    0    166 KBytes       
[  6]  28.00-29.00  sec  0.00 Bytes  0.00 bits/sec    0    172 KBytes       
[  6]  29.00-30.00  sec  0.00 Bytes  0.00 bits/sec    0    181 KBytes       
[  6]  30.00-31.00  sec  0.00 Bytes  0.00 bits/sec    0    188 KBytes       
[  6]  31.00-32.00  sec  0.00 Bytes  0.00 bits/sec    0    195 KBytes       
[  6]  32.00-33.00  sec  0.00 Bytes  0.00 bits/sec    0    205 KBytes       
[  6]  33.00-34.00  sec  0.00 Bytes  0.00 bits/sec    0    240 KBytes       
[  6]  34.00-35.00  sec  0.00 Bytes  0.00 bits/sec    0    292 KBytes       
[  6]  35.00-36.00  sec  0.00 Bytes  0.00 bits/sec    3    112 KBytes       
[  6]  36.00-37.00  sec  0.00 Bytes  0.00 bits/sec    0    124 KBytes       
[  6]  37.00-38.00  sec  0.00 Bytes  0.00 bits/sec    0    135 KBytes       
[  6]  38.00-39.00  sec  0.00 Bytes  0.00 bits/sec    0    143 KBytes       
[  6]  39.00-40.00  sec  0.00 Bytes  0.00 bits/sec    0    155 KBytes       
[  6]  40.00-41.00  sec  0.00 Bytes  0.00 bits/sec    0    163 KBytes       
[  6]  41.00-42.00  sec  0.00 Bytes  0.00 bits/sec    0    173 KBytes       
[  6]  42.00-43.00  sec  0.00 Bytes  0.00 bits/sec    0    180 KBytes       
[  6]  43.00-44.00  sec  41.9 MBytes   351 Mbits/sec    0    191 KBytes       
[  6]  44.00-45.00  sec  0.00 Bytes  0.00 bits/sec    0    236 KBytes       
[  6]  45.00-46.00  sec  0.00 Bytes  0.00 bits/sec    1    245 KBytes       
[  6]  46.00-47.00  sec  0.00 Bytes  0.00 bits/sec    1    155 KBytes       
[  6]  47.00-48.00  sec  0.00 Bytes  0.00 bits/sec    0    167 KBytes       
[  6]  48.00-49.00  sec  0.00 Bytes  0.00 bits/sec    0    172 KBytes       
[  6]  49.00-50.00  sec  0.00 Bytes  0.00 bits/sec    0    173 KBytes       
[  6]  50.00-51.00  sec  0.00 Bytes  0.00 bits/sec    0    181 KBytes       
[  6]  51.00-52.00  sec  0.00 Bytes  0.00 bits/sec    0    190 KBytes       
[  6]  52.00-53.00  sec  0.00 Bytes  0.00 bits/sec    0    198 KBytes       
[  6]  53.00-54.00  sec  0.00 Bytes  0.00 bits/sec    0    204 KBytes       
[  6]  54.00-55.00  sec  0.00 Bytes  0.00 bits/sec    0    235 KBytes       
[  6]  55.00-56.00  sec  0.00 Bytes  0.00 bits/sec    1    239 KBytes       
[  6]  56.00-57.00  sec  0.00 Bytes  0.00 bits/sec    0    228 KBytes       
[  6]  57.00-58.00  sec  0.00 Bytes  0.00 bits/sec    0    255 KBytes       
[  6]  58.00-59.00  sec  0.00 Bytes  0.00 bits/sec    1    194 KBytes       
[  6]  59.00-60.00  sec  0.00 Bytes  0.00 bits/sec    0    211 KBytes       
[  6]  60.00-61.00  sec  0.00 Bytes  0.00 bits/sec    0    219 KBytes       
[  6]  61.00-62.00  sec  0.00 Bytes  0.00 bits/sec    0    221 KBytes       
[  6]  62.00-63.00  sec  0.00 Bytes  0.00 bits/sec    0    221 KBytes       
[  6]  63.00-64.00  sec  0.00 Bytes  0.00 bits/sec    0    222 KBytes       
[  6]  64.00-65.00  sec  42.0 MBytes   352 Mbits/sec    0    228 KBytes       
[  6]  65.00-66.00  sec  0.00 Bytes  0.00 bits/sec    0    240 KBytes       
[  6]  66.00-67.00  sec  0.00 Bytes  0.00 bits/sec    0    264 KBytes       
[  6]  67.00-68.00  sec  0.00 Bytes  0.00 bits/sec    1    215 KBytes       
[  6]  68.00-69.00  sec  0.00 Bytes  0.00 bits/sec    0    243 KBytes       
[  6]  69.00-70.00  sec  0.00 Bytes  0.00 bits/sec    0    260 KBytes       
[  6]  70.00-71.00  sec  0.00 Bytes  0.00 bits/sec    2    142 KBytes       
[  6]  71.00-72.00  sec  0.00 Bytes  0.00 bits/sec    0    152 KBytes       
[  6]  72.00-73.00  sec  0.00 Bytes  0.00 bits/sec    0    155 KBytes       
[  6]  73.00-74.00  sec  0.00 Bytes  0.00 bits/sec    0    163 KBytes       
[  6]  74.00-75.00  sec  0.00 Bytes  0.00 bits/sec    0    173 KBytes       
[  6]  75.00-76.00  sec  0.00 Bytes  0.00 bits/sec    0    181 KBytes       
[  6]  76.00-77.00  sec  0.00 Bytes  0.00 bits/sec    0    188 KBytes       
[  6]  77.00-78.00  sec  0.00 Bytes  0.00 bits/sec    0    197 KBytes       
[  6]  78.00-79.00  sec  0.00 Bytes  0.00 bits/sec    0    225 KBytes       
[  6]  79.00-80.00  sec  0.00 Bytes  0.00 bits/sec    0    273 KBytes       
[  6]  80.00-81.00  sec  0.00 Bytes  0.00 bits/sec    1    225 KBytes       
[  6]  81.00-82.00  sec  0.00 Bytes  0.00 bits/sec    0    256 KBytes       
[  6]  82.00-83.00  sec  0.00 Bytes  0.00 bits/sec    2    136 KBytes       
[  6]  83.00-84.00  sec  0.00 Bytes  0.00 bits/sec    0    150 KBytes       
[  6]  84.00-85.00  sec  0.00 Bytes  0.00 bits/sec    0    156 KBytes       
[  6]  85.00-86.00  sec  0.00 Bytes  0.00 bits/sec    0    160 KBytes       
[  6]  86.00-87.00  sec  41.9 MBytes   352 Mbits/sec    0    170 KBytes       
[  6]  87.00-88.00  sec  0.00 Bytes  0.00 bits/sec    0    177 KBytes       
[  6]  88.00-89.00  sec  0.00 Bytes  0.00 bits/sec    0    186 KBytes       
[  6]  89.00-90.00  sec  0.00 Bytes  0.00 bits/sec    0    194 KBytes       
[  6]  90.00-91.00  sec  0.00 Bytes  0.00 bits/sec    0    211 KBytes       
[  6]  91.00-92.00  sec  0.00 Bytes  0.00 bits/sec    0    253 KBytes       
[  6]  92.00-93.00  sec  0.00 Bytes  0.00 bits/sec    2    142 KBytes       
[  6]  93.00-94.00  sec  0.00 Bytes  0.00 bits/sec    0    160 KBytes       
[  6]  94.00-95.00  sec  0.00 Bytes  0.00 bits/sec    0    169 KBytes       
[  6]  95.00-96.00  sec  0.00 Bytes  0.00 bits/sec    0    170 KBytes       
[  6]  96.00-97.00  sec  0.00 Bytes  0.00 bits/sec    0    177 KBytes       
[  6]  97.00-98.00  sec  0.00 Bytes  0.00 bits/sec    0    186 KBytes       
[  6]  98.00-99.00  sec  0.00 Bytes  0.00 bits/sec    0    194 KBytes       
[  6]  99.00-100.00 sec  0.00 Bytes  0.00 bits/sec    0    197 KBytes       
[  6] 100.00-101.00 sec  0.00 Bytes  0.00 bits/sec    1   1.41 KBytes       
[  6] 101.00-102.00 sec  0.00 Bytes  0.00 bits/sec    1   1.41 KBytes       
[  6] 102.00-103.00 sec  0.00 Bytes  0.00 bits/sec    1   1.41 KBytes       
[  6] 103.00-103.65 sec  0.00 Bytes  0.00 bits/sec    0   1.41 KBytes       
- - - - - - - - - - - - - - - - - - - - - - - - -
[ ID] Interval           Transfer     Bitrate         Retr
[  6]   0.00-103.65 sec   291 MBytes  23.6 Mbits/sec   29            sender
[  6]   0.00-103.65 sec  0.00 Bytes  0.00 bits/sec                  receiver
iperf3: interrupt - the client has terminated by signal Interrupt(2)
Connecting to host 192.168.3.2, port 10021
[  6] local 192.168.2.2 port 42558 connected to 192.168.3.2 port 10021
[ ID] Interval           Transfer     Bitrate         Retr  Cwnd
[  6]   0.00-1.00   sec   124 MBytes  1.04 Gbits/sec    0    150 KBytes       
[  6]   1.00-2.00   sec  0.00 Bytes  0.00 bits/sec    3   98.4 KBytes       
[  6]   2.00-3.00   sec  0.00 Bytes  0.00 bits/sec    0    112 KBytes       
[  6]   3.00-4.00   sec  0.00 Bytes  0.00 bits/sec    0    122 KBytes       
[  6]   4.00-5.00   sec  0.00 Bytes  0.00 bits/sec    0    135 KBytes       
[  6]   5.00-6.00   sec  0.00 Bytes  0.00 bits/sec    0    146 KBytes       
[  6]   6.00-7.00   sec  0.00 Bytes  0.00 bits/sec    0    155 KBytes       
[  6]   7.00-8.00   sec  0.00 Bytes  0.00 bits/sec    1    124 KBytes       
[  6]   8.00-9.00   sec  0.00 Bytes  0.00 bits/sec    0    145 KBytes       
[  6]   9.00-10.00  sec  0.00 Bytes  0.00 bits/sec    0    156 KBytes       
[  6]  10.00-11.00  sec  0.00 Bytes  0.00 bits/sec    1    115 KBytes       
[  6]  11.00-12.00  sec  0.00 Bytes  0.00 bits/sec    0    139 KBytes       
[  6]  12.00-13.00  sec  0.00 Bytes  0.00 bits/sec    0    153 KBytes       
[  6]  13.00-14.00  sec  0.00 Bytes  0.00 bits/sec    0    159 KBytes       
[  6]  14.00-15.00  sec  0.00 Bytes  0.00 bits/sec    1    131 KBytes       
[  6]  15.00-16.00  sec  0.00 Bytes  0.00 bits/sec    0    149 KBytes       
[  6]  16.00-17.00  sec  0.00 Bytes  0.00 bits/sec    0    158 KBytes       
[  6]  17.00-18.00  sec  0.00 Bytes  0.00 bits/sec    2   88.6 KBytes       
[  6]  18.00-19.00  sec  0.00 Bytes  0.00 bits/sec    0    104 KBytes       
[  6]  19.00-20.00  sec  0.00 Bytes  0.00 bits/sec    0    115 KBytes       
[  6]  20.00-21.00  sec  0.00 Bytes  0.00 bits/sec    0    128 KBytes       
[  6]  21.00-22.00  sec  42.0 MBytes   352 Mbits/sec    0    139 KBytes       
[  6]  22.00-23.00  sec  0.00 Bytes  0.00 bits/sec    0    150 KBytes       
[  6]  23.00-24.00  sec  0.00 Bytes  0.00 bits/sec    2   78.8 KBytes       
[  6]  24.00-25.00  sec  0.00 Bytes  0.00 bits/sec    0   94.2 KBytes       
[  6]  25.00-26.00  sec  0.00 Bytes  0.00 bits/sec    0    110 KBytes       
[  6]  26.00-27.00  sec  0.00 Bytes  0.00 bits/sec    0    121 KBytes       
[  6]  27.00-28.00  sec  0.00 Bytes  0.00 bits/sec    0    132 KBytes       
[  6]  28.00-29.00  sec  0.00 Bytes  0.00 bits/sec    0    143 KBytes       
[  6]  29.00-30.00  sec  0.00 Bytes  0.00 bits/sec    2   75.9 KBytes       
[  6]  30.00-31.00  sec  0.00 Bytes  0.00 bits/sec    0   90.0 KBytes       
[  6]  31.00-32.00  sec  0.00 Bytes  0.00 bits/sec    0    107 KBytes       
[  6]  32.00-33.00  sec  0.00 Bytes  0.00 bits/sec    0    120 KBytes       
[  6]  33.00-34.00  sec  0.00 Bytes  0.00 bits/sec    0    132 KBytes       
[  6]  34.00-35.00  sec  0.00 Bytes  0.00 bits/sec    0    142 KBytes       
[  6]  35.00-36.00  sec  0.00 Bytes  0.00 bits/sec    0    152 KBytes       
[  6]  36.00-37.00  sec  0.00 Bytes  0.00 bits/sec    2   85.8 KBytes       
[  6]  37.00-38.00  sec  0.00 Bytes  0.00 bits/sec    0    101 KBytes       
[  6]  38.00-39.00  sec  0.00 Bytes  0.00 bits/sec    0    112 KBytes       
[  6]  39.00-40.00  sec  0.00 Bytes  0.00 bits/sec    0    127 KBytes       
[  6]  40.00-41.00  sec  0.00 Bytes  0.00 bits/sec    0    138 KBytes       
[  6]  41.00-42.00  sec  0.00 Bytes  0.00 bits/sec    0    149 KBytes       
[  6]  42.00-43.00  sec  0.00 Bytes  0.00 bits/sec    1    124 KBytes       
[  6]  43.00-44.00  sec  41.9 MBytes   351 Mbits/sec    0    141 KBytes       
[  6]  44.00-45.00  sec  0.00 Bytes  0.00 bits/sec    0    149 KBytes       
[  6]  45.00-46.00  sec  0.00 Bytes  0.00 bits/sec    0    150 KBytes       
[  6]  46.00-47.00  sec  0.00 Bytes  0.00 bits/sec    0    152 KBytes       
[  6]  47.00-48.00  sec  0.00 Bytes  0.00 bits/sec    1    127 KBytes       
[  6]  48.00-49.00  sec  0.00 Bytes  0.00 bits/sec    0    145 KBytes       
[  6]  49.00-50.00  sec  0.00 Bytes  0.00 bits/sec    0    150 KBytes       
[  6]  50.00-51.00  sec  0.00 Bytes  0.00 bits/sec    1    117 KBytes       
[  6]  51.00-52.00  sec  0.00 Bytes  0.00 bits/sec    0    139 KBytes       
[  6]  52.00-53.00  sec  0.00 Bytes  0.00 bits/sec    0    149 KBytes       
[  6]  53.00-54.00  sec  0.00 Bytes  0.00 bits/sec    1    117 KBytes       
[  6]  54.00-55.00  sec  0.00 Bytes  0.00 bits/sec    0    125 KBytes       
[  6]  55.00-56.00  sec  0.00 Bytes  0.00 bits/sec    0    136 KBytes       
[  6]  56.00-57.00  sec  0.00 Bytes  0.00 bits/sec    0    146 KBytes       
[  6]  57.00-58.00  sec  0.00 Bytes  0.00 bits/sec    0    155 KBytes       
[  6]  58.00-59.00  sec  0.00 Bytes  0.00 bits/sec    1    129 KBytes       
[  6]  59.00-60.00  sec  0.00 Bytes  0.00 bits/sec    0    146 KBytes       
[  6]  60.00-61.00  sec  0.00 Bytes  0.00 bits/sec    1    111 KBytes       
[  6]  61.00-62.00  sec  0.00 Bytes  0.00 bits/sec    0    124 KBytes       
[  6]  62.00-63.00  sec  0.00 Bytes  0.00 bits/sec    0    131 KBytes       
[  6]  63.00-64.00  sec  0.00 Bytes  0.00 bits/sec    0    142 KBytes       
[  6]  64.00-65.00  sec  0.00 Bytes  0.00 bits/sec    1    110 KBytes       
[  6]  65.00-66.00  sec  42.0 MBytes   352 Mbits/sec    0    131 KBytes       
[  6]  66.00-67.00  sec  0.00 Bytes  0.00 bits/sec    0    145 KBytes       
[  6]  67.00-68.00  sec  0.00 Bytes  0.00 bits/sec    1    111 KBytes       
[  6]  68.00-69.00  sec  0.00 Bytes  0.00 bits/sec    0    122 KBytes       
[  6]  69.00-70.00  sec  0.00 Bytes  0.00 bits/sec    0    131 KBytes       
[  6]  70.00-71.00  sec  0.00 Bytes  0.00 bits/sec    0    142 KBytes       
[  6]  71.00-72.00  sec  0.00 Bytes  0.00 bits/sec    0    153 KBytes       
[  6]  72.00-73.00  sec  0.00 Bytes  0.00 bits/sec    1    124 KBytes       
[  6]  73.00-74.00  sec  0.00 Bytes  0.00 bits/sec    0    145 KBytes       
[  6]  74.00-75.00  sec  0.00 Bytes  0.00 bits/sec    1    107 KBytes       
[  6]  75.00-76.00  sec  0.00 Bytes  0.00 bits/sec    0    122 KBytes       
[  6]  76.00-77.00  sec  0.00 Bytes  0.00 bits/sec    0    129 KBytes       
[  6]  77.00-78.00  sec  0.00 Bytes  0.00 bits/sec    0    141 KBytes       
[  6]  78.00-79.00  sec  0.00 Bytes  0.00 bits/sec    1    132 KBytes       
[  6]  79.00-80.00  sec  0.00 Bytes  0.00 bits/sec    0    129 KBytes       
[  6]  80.00-81.00  sec  0.00 Bytes  0.00 bits/sec    0    145 KBytes       
[  6]  81.00-82.00  sec  0.00 Bytes  0.00 bits/sec    0    150 KBytes       
[  6]  82.00-83.00  sec  0.00 Bytes  0.00 bits/sec    1    118 KBytes       
[  6]  83.00-84.00  sec  0.00 Bytes  0.00 bits/sec    0    128 KBytes       
[  6]  84.00-85.00  sec  0.00 Bytes  0.00 bits/sec    0    138 KBytes       
[  6]  85.00-86.00  sec  0.00 Bytes  0.00 bits/sec    0    149 KBytes       
[  6]  86.00-87.00  sec  41.9 MBytes   351 Mbits/sec    1    122 KBytes       
[  6]  87.00-88.00  sec  0.00 Bytes  0.00 bits/sec    0    141 KBytes       
[  6]  88.00-89.00  sec  0.00 Bytes  0.00 bits/sec    1    148 KBytes       
[  6]  89.00-90.00  sec  0.00 Bytes  0.00 bits/sec    0    118 KBytes       
[  6]  90.00-91.00  sec  0.00 Bytes  0.00 bits/sec    0    128 KBytes       
[  6]  91.00-92.00  sec  0.00 Bytes  0.00 bits/sec    0    139 KBytes       
[  6]  92.00-93.00  sec  0.00 Bytes  0.00 bits/sec    0    149 KBytes       
[  6]  93.00-94.00  sec  0.00 Bytes  0.00 bits/sec    1    120 KBytes       
[  6]  94.00-95.00  sec  0.00 Bytes  0.00 bits/sec    0    141 KBytes       
[  6]  95.00-96.00  sec  0.00 Bytes  0.00 bits/sec    0    150 KBytes       
[  6]  96.00-97.00  sec  0.00 Bytes  0.00 bits/sec    2   80.2 KBytes       
[  6]  97.00-98.00  sec  0.00 Bytes  0.00 bits/sec    0   97.0 KBytes       
[  6]  98.00-99.00  sec  0.00 Bytes  0.00 bits/sec    0    112 KBytes       
[  6]  99.00-100.00 sec  0.00 Bytes  0.00 bits/sec    1   1.41 KBytes       
[  6] 100.00-101.00 sec  0.00 Bytes  0.00 bits/sec    1   1.41 KBytes       
[  6] 101.00-102.00 sec  0.00 Bytes  0.00 bits/sec    1   1.41 KBytes       
[  6] 102.00-103.00 sec  0.00 Bytes  0.00 bits/sec    0   1.41 KBytes       
[  6] 103.00-104.00 sec  0.00 Bytes  0.00 bits/sec    1   1.41 KBytes       
[  6] 104.00-105.00 sec  0.00 Bytes  0.00 bits/sec    0   1.41 KBytes       
[  6] 105.00-106.00 sec  0.00 Bytes  0.00 bits/sec    0   1.41 KBytes       
[  6] 106.00-107.00 sec  0.00 Bytes  0.00 bits/sec    0   1.41 KBytes       
[  6] 107.00-108.00 sec  0.00 Bytes  0.00 bits/sec    0   1.41 KBytes       
[  6] 108.00-109.00 sec  0.00 Bytes  0.00 bits/sec    1   1.41 KBytes       
[  6] 109.00-110.00 sec  0.00 Bytes  0.00 bits/sec    0   1.41 KBytes       
[  6] 110.00-111.00 sec  0.00 Bytes  0.00 bits/sec    0   1.41 KBytes       
[  6] 111.00-111.56 sec  0.00 Bytes  0.00 bits/sec    0   1.41 KBytes       
- - - - - - - - - - - - - - - - - - - - - - - - -
[ ID] Interval           Transfer     Bitrate         Retr
[  6]   0.00-111.56 sec   291 MBytes  21.9 Mbits/sec   36            sender
[  6]   0.00-111.56 sec  0.00 Bytes  0.00 bits/sec                  receiver
iperf3: interrupt - the client has terminated by signal Interrupt(2)
Connecting to host 192.168.3.2, port 10021
[  6] local 192.168.2.2 port 37560 connected to 192.168.3.2 port 10021
[ ID] Interval           Transfer     Bitrate         Retr  Cwnd
[  6]   0.00-1.00   sec   123 MBytes  1.03 Gbits/sec    0    142 KBytes       
[  6]   1.00-2.00   sec  0.00 Bytes  0.00 bits/sec    0    236 KBytes       
[  6]   2.00-3.00   sec  0.00 Bytes  0.00 bits/sec    6   90.0 KBytes       
[  6]   3.00-4.00   sec  0.00 Bytes  0.00 bits/sec    0    103 KBytes       
[  6]   4.00-5.00   sec  0.00 Bytes  0.00 bits/sec    0    117 KBytes       
[  6]   5.00-6.00   sec  0.00 Bytes  0.00 bits/sec    0    129 KBytes       
[  6]   6.00-7.00   sec  0.00 Bytes  0.00 bits/sec    0    138 KBytes       
[  6]   7.00-8.00   sec  0.00 Bytes  0.00 bits/sec    0    149 KBytes       
[  6]   8.00-9.00   sec  0.00 Bytes  0.00 bits/sec    0    159 KBytes       
[  6]   9.00-10.00  sec  0.00 Bytes  0.00 bits/sec    1    135 KBytes       
[  6]  10.00-11.00  sec  0.00 Bytes  0.00 bits/sec    0    150 KBytes       
[  6]  11.00-12.00  sec  0.00 Bytes  0.00 bits/sec    0    158 KBytes       
[  6]  12.00-13.00  sec  0.00 Bytes  0.00 bits/sec    1    127 KBytes       
[  6]  13.00-14.00  sec  0.00 Bytes  0.00 bits/sec    0    146 KBytes       
[  6]  14.00-15.00  sec  0.00 Bytes  0.00 bits/sec    0    156 KBytes       
[  6]  15.00-16.00  sec  0.00 Bytes  0.00 bits/sec    1    134 KBytes       
[  6]  16.00-17.00  sec  0.00 Bytes  0.00 bits/sec    0    136 KBytes       
[  6]  17.00-18.00  sec  0.00 Bytes  0.00 bits/sec    0    152 KBytes       
[  6]  18.00-19.00  sec  0.00 Bytes  0.00 bits/sec    2   87.2 KBytes       
[  6]  19.00-20.00  sec  0.00 Bytes  0.00 bits/sec    0    101 KBytes       
[  6]  20.00-21.00  sec  0.00 Bytes  0.00 bits/sec    0    114 KBytes       
[  6]  21.00-22.00  sec  41.9 MBytes   351 Mbits/sec    0    127 KBytes       
[  6]  22.00-23.00  sec  0.00 Bytes  0.00 bits/sec    0    139 KBytes       
[  6]  23.00-24.00  sec  0.00 Bytes  0.00 bits/sec    0    148 KBytes       
[  6]  24.00-25.00  sec  0.00 Bytes  0.00 bits/sec    8   81.6 KBytes       
[  6]  25.00-26.00  sec  0.00 Bytes  0.00 bits/sec    2   71.7 KBytes       
[  6]  26.00-27.00  sec  0.00 Bytes  0.00 bits/sec    6   52.0 KBytes       
[  6]  27.00-28.00  sec  0.00 Bytes  0.00 bits/sec    7   39.4 KBytes       
[  6]  28.00-29.00  sec  0.00 Bytes  0.00 bits/sec    9   26.7 KBytes       
[  6]  29.00-30.00  sec  0.00 Bytes  0.00 bits/sec    0   56.2 KBytes       
[  6]  30.00-31.00  sec  0.00 Bytes  0.00 bits/sec    0   75.9 KBytes       
[  6]  31.00-32.00  sec  0.00 Bytes  0.00 bits/sec    0   94.2 KBytes       
[  6]  32.00-33.00  sec  0.00 Bytes  0.00 bits/sec    0    105 KBytes       
[  6]  33.00-34.00  sec  0.00 Bytes  0.00 bits/sec    0    118 KBytes       
[  6]  34.00-35.00  sec  0.00 Bytes  0.00 bits/sec    0    131 KBytes       
[  6]  35.00-36.00  sec  0.00 Bytes  0.00 bits/sec    0    141 KBytes       
[  6]  36.00-37.00  sec  0.00 Bytes  0.00 bits/sec    0    158 KBytes       
[  6]  37.00-38.00  sec  0.00 Bytes  0.00 bits/sec    2   91.4 KBytes       
[  6]  38.00-39.00  sec  0.00 Bytes  0.00 bits/sec    0    105 KBytes       
[  6]  39.00-40.00  sec  0.00 Bytes  0.00 bits/sec    0    120 KBytes       
[  6]  40.00-41.00  sec  0.00 Bytes  0.00 bits/sec    0    128 KBytes       
[  6]  41.00-42.00  sec  0.00 Bytes  0.00 bits/sec    0    139 KBytes       
[  6]  42.00-43.00  sec  0.00 Bytes  0.00 bits/sec    1    131 KBytes       
[  6]  43.00-44.00  sec  0.00 Bytes  0.00 bits/sec    0    128 KBytes       
[  6]  44.00-45.00  sec  0.00 Bytes  0.00 bits/sec    0    142 KBytes       
[  6]  45.00-46.00  sec  41.9 MBytes   351 Mbits/sec    0    149 KBytes       
[  6]  46.00-47.00  sec  0.00 Bytes  0.00 bits/sec    2   78.8 KBytes       
[  6]  47.00-48.00  sec  0.00 Bytes  0.00 bits/sec    0   95.6 KBytes       
[  6]  48.00-49.00  sec  0.00 Bytes  0.00 bits/sec    0    107 KBytes       
[  6]  49.00-50.00  sec  0.00 Bytes  0.00 bits/sec    0    120 KBytes       
[  6]  50.00-51.00  sec  0.00 Bytes  0.00 bits/sec    0    132 KBytes       
[  6]  51.00-52.00  sec  0.00 Bytes  0.00 bits/sec    7   54.8 KBytes       
[  6]  52.00-53.00  sec  0.00 Bytes  0.00 bits/sec    0   73.1 KBytes       
[  6]  53.00-54.00  sec  0.00 Bytes  0.00 bits/sec    4   66.1 KBytes       
[  6]  54.00-55.00  sec  0.00 Bytes  0.00 bits/sec    0   85.8 KBytes       
[  6]  55.00-56.00  sec  0.00 Bytes  0.00 bits/sec    0    101 KBytes       
[  6]  56.00-57.00  sec  0.00 Bytes  0.00 bits/sec    0    112 KBytes       
[  6]  57.00-58.00  sec  0.00 Bytes  0.00 bits/sec    0    125 KBytes       
[  6]  58.00-59.00  sec  0.00 Bytes  0.00 bits/sec    0    138 KBytes       
[  6]  59.00-60.00  sec  0.00 Bytes  0.00 bits/sec    0    148 KBytes       
[  6]  60.00-61.00  sec  0.00 Bytes  0.00 bits/sec    1    131 KBytes       
[  6]  61.00-62.00  sec  0.00 Bytes  0.00 bits/sec    1   91.4 KBytes       
[  6]  62.00-63.00  sec  0.00 Bytes  0.00 bits/sec    0    107 KBytes       
[  6]  63.00-64.00  sec  0.00 Bytes  0.00 bits/sec    0    120 KBytes       
[  6]  64.00-65.00  sec  0.00 Bytes  0.00 bits/sec    0    129 KBytes       
[  6]  65.00-66.00  sec  0.00 Bytes  0.00 bits/sec    0    141 KBytes       
[  6]  66.00-67.00  sec  0.00 Bytes  0.00 bits/sec    0    152 KBytes       
[  6]  67.00-68.00  sec  42.0 MBytes   352 Mbits/sec    2   81.6 KBytes       
[  6]  68.00-69.00  sec  0.00 Bytes  0.00 bits/sec    0   97.0 KBytes       
[  6]  69.00-70.00  sec  0.00 Bytes  0.00 bits/sec    0    111 KBytes       
[  6]  70.00-71.00  sec  0.00 Bytes  0.00 bits/sec    0    124 KBytes       
[  6]  71.00-72.00  sec  0.00 Bytes  0.00 bits/sec    0    134 KBytes       
[  6]  72.00-73.00  sec  0.00 Bytes  0.00 bits/sec    0    145 KBytes       
[  6]  73.00-74.00  sec  0.00 Bytes  0.00 bits/sec    1    115 KBytes       
[  6]  74.00-75.00  sec  0.00 Bytes  0.00 bits/sec    0    136 KBytes       
[  6]  75.00-76.00  sec  0.00 Bytes  0.00 bits/sec    0    148 KBytes       
[  6]  76.00-77.00  sec  0.00 Bytes  0.00 bits/sec    1    107 KBytes       
[  6]  77.00-78.00  sec  0.00 Bytes  0.00 bits/sec    0    132 KBytes       
[  6]  78.00-79.00  sec  0.00 Bytes  0.00 bits/sec    0    145 KBytes       
[  6]  79.00-80.00  sec  0.00 Bytes  0.00 bits/sec    0    150 KBytes       
[  6]  80.00-81.00  sec  0.00 Bytes  0.00 bits/sec    1    118 KBytes       
[  6]  81.00-82.00  sec  0.00 Bytes  0.00 bits/sec    0    138 KBytes       
[  6]  82.00-83.00  sec  0.00 Bytes  0.00 bits/sec    0    148 KBytes       
[  6]  83.00-84.00  sec  0.00 Bytes  0.00 bits/sec    0    150 KBytes       
[  6]  84.00-85.00  sec  0.00 Bytes  0.00 bits/sec    1    122 KBytes       
[  6]  85.00-86.00  sec  0.00 Bytes  0.00 bits/sec    0    141 KBytes       
[  6]  86.00-87.00  sec  0.00 Bytes  0.00 bits/sec    0    149 KBytes       
[  6]  87.00-88.00  sec  0.00 Bytes  0.00 bits/sec    0    150 KBytes       
[  6]  88.00-89.00  sec  0.00 Bytes  0.00 bits/sec    1    118 KBytes       
[  6]  89.00-90.00  sec  41.9 MBytes   351 Mbits/sec    0    138 KBytes       
[  6]  90.00-91.00  sec  0.00 Bytes  0.00 bits/sec    0    148 KBytes       
[  6]  91.00-92.00  sec  0.00 Bytes  0.00 bits/sec    1    112 KBytes       
[  6]  92.00-93.00  sec  0.00 Bytes  0.00 bits/sec    0    135 KBytes       
[  6]  93.00-94.00  sec  0.00 Bytes  0.00 bits/sec    0    146 KBytes       
[  6]  94.00-95.00  sec  0.00 Bytes  0.00 bits/sec    0    150 KBytes       
[  6]  95.00-96.00  sec  0.00 Bytes  0.00 bits/sec    1    114 KBytes       
[  6]  96.00-97.00  sec  0.00 Bytes  0.00 bits/sec    0    136 KBytes       
[  6]  97.00-98.00  sec  0.00 Bytes  0.00 bits/sec    0    146 KBytes       
[  6]  98.00-99.00  sec  0.00 Bytes  0.00 bits/sec    0    150 KBytes       
[  6]  99.00-100.00 sec  0.00 Bytes  0.00 bits/sec    1   1.41 KBytes       
[  6] 100.00-101.00 sec  0.00 Bytes  0.00 bits/sec    1   1.41 KBytes       
[  6] 101.00-102.00 sec  0.00 Bytes  0.00 bits/sec    1   1.41 KBytes       
[  6] 102.00-103.00 sec  0.00 Bytes  0.00 bits/sec    0   1.41 KBytes       
[  6] 103.00-103.65 sec  0.00 Bytes  0.00 bits/sec    0   1.41 KBytes       
- - - - - - - - - - - - - - - - - - - - - - - - -
[ ID] Interval           Transfer     Bitrate         Retr
[  6]   0.00-103.65 sec   291 MBytes  23.5 Mbits/sec   73            sender
[  6]   0.00-103.65 sec  0.00 Bytes  0.00 bits/sec                  receiver
iperf3: interrupt - the client has terminated by signal Interrupt(2)
Connecting to host 192.168.3.2, port 10021
[  6] local 192.168.2.2 port 60218 connected to 192.168.3.2 port 10021
[ ID] Interval           Transfer     Bitrate         Retr  Cwnd
[  6]   0.00-1.00   sec   124 MBytes  1.04 Gbits/sec    1   64.7 KBytes       
[  6]   1.00-2.00   sec  0.00 Bytes  0.00 bits/sec    1   60.5 KBytes       
[  6]   2.00-3.00   sec  0.00 Bytes  0.00 bits/sec    1   56.2 KBytes       
[  6]   3.00-4.00   sec  0.00 Bytes  0.00 bits/sec    1   52.0 KBytes       
[  6]   4.00-5.00   sec  0.00 Bytes  0.00 bits/sec    1   54.8 KBytes       
[  6]   5.00-6.00   sec  0.00 Bytes  0.00 bits/sec    1   57.7 KBytes       
[  6]   6.00-7.00   sec  0.00 Bytes  0.00 bits/sec    1   57.7 KBytes       
[  6]   7.00-8.00   sec  0.00 Bytes  0.00 bits/sec    1   56.2 KBytes       
[  6]   8.00-9.00   sec  0.00 Bytes  0.00 bits/sec    1   59.1 KBytes       
[  6]   9.00-10.00  sec  0.00 Bytes  0.00 bits/sec    1   57.7 KBytes       
[  6]  10.00-11.00  sec  0.00 Bytes  0.00 bits/sec    1   57.7 KBytes       
[  6]  11.00-12.00  sec  0.00 Bytes  0.00 bits/sec    1   59.1 KBytes       
[  6]  12.00-13.00  sec  0.00 Bytes  0.00 bits/sec    1   60.5 KBytes       
[  6]  13.00-14.00  sec  0.00 Bytes  0.00 bits/sec    1   57.7 KBytes       
[  6]  14.00-15.00  sec  0.00 Bytes  0.00 bits/sec    1   60.5 KBytes       
[  6]  15.00-16.00  sec  0.00 Bytes  0.00 bits/sec    1   59.1 KBytes       
[  6]  16.00-17.00  sec  0.00 Bytes  0.00 bits/sec    1   54.8 KBytes       
[  6]  17.00-18.00  sec  0.00 Bytes  0.00 bits/sec    0   75.9 KBytes       
[  6]  18.00-19.00  sec  0.00 Bytes  0.00 bits/sec    1   64.7 KBytes       
[  6]  19.00-20.00  sec  0.00 Bytes  0.00 bits/sec    0   80.2 KBytes       
[  6]  20.00-21.00  sec  0.00 Bytes  0.00 bits/sec    1   63.3 KBytes       
[  6]  21.00-22.00  sec  0.00 Bytes  0.00 bits/sec    0   81.6 KBytes       
[  6]  22.00-23.00  sec  0.00 Bytes  0.00 bits/sec    2   54.8 KBytes       
[  6]  23.00-24.00  sec  41.9 MBytes   351 Mbits/sec    1   56.2 KBytes       
[  6]  24.00-25.00  sec  0.00 Bytes  0.00 bits/sec    1   52.0 KBytes       
[  6]  25.00-26.00  sec  0.00 Bytes  0.00 bits/sec    3   60.5 KBytes       
[  6]  26.00-27.00  sec  0.00 Bytes  0.00 bits/sec    4   45.0 KBytes       
[  6]  27.00-28.00  sec  0.00 Bytes  0.00 bits/sec   30   21.1 KBytes       
[  6]  28.00-29.00  sec  0.00 Bytes  0.00 bits/sec    1   1.41 KBytes       
[  6]  29.00-30.00  sec  0.00 Bytes  0.00 bits/sec   18   39.4 KBytes       
[  6]  30.00-31.00  sec  0.00 Bytes  0.00 bits/sec    0   61.9 KBytes       
[  6]  31.00-32.00  sec  0.00 Bytes  0.00 bits/sec    1   60.5 KBytes       
[  6]  32.00-33.00  sec  0.00 Bytes  0.00 bits/sec    1   63.3 KBytes       
[  6]  33.00-34.00  sec  0.00 Bytes  0.00 bits/sec    1   64.7 KBytes       
[  6]  34.00-35.00  sec  0.00 Bytes  0.00 bits/sec    1   63.3 KBytes       
[  6]  35.00-36.00  sec  0.00 Bytes  0.00 bits/sec    1   63.3 KBytes       
[  6]  36.00-37.00  sec  0.00 Bytes  0.00 bits/sec    1   67.5 KBytes       
[  6]  37.00-38.00  sec  0.00 Bytes  0.00 bits/sec    2   47.8 KBytes       
[  6]  38.00-39.00  sec  0.00 Bytes  0.00 bits/sec    0   67.5 KBytes       
[  6]  39.00-40.00  sec  0.00 Bytes  0.00 bits/sec    1   68.9 KBytes       
[  6]  40.00-41.00  sec  0.00 Bytes  0.00 bits/sec    2   49.2 KBytes       
[  6]  41.00-42.00  sec  0.00 Bytes  0.00 bits/sec    1   50.6 KBytes       
[  6]  42.00-43.00  sec  0.00 Bytes  0.00 bits/sec    1   50.6 KBytes       
[  6]  43.00-44.00  sec  0.00 Bytes  0.00 bits/sec    1   49.2 KBytes       
[  6]  44.00-45.00  sec  0.00 Bytes  0.00 bits/sec    1   50.6 KBytes       
[  6]  45.00-46.00  sec  0.00 Bytes  0.00 bits/sec    1   53.4 KBytes       
[  6]  46.00-47.00  sec  0.00 Bytes  0.00 bits/sec    1   53.4 KBytes       
[  6]  47.00-48.00  sec  0.00 Bytes  0.00 bits/sec    1   50.6 KBytes       
[  6]  48.00-49.00  sec  16.2 MBytes   136 Mbits/sec    1   50.6 KBytes       
[  6]  49.00-50.00  sec  0.00 Bytes  0.00 bits/sec   36   38.0 KBytes       
[  6]  50.00-51.00  sec  0.00 Bytes  0.00 bits/sec    6   1.41 KBytes       
[  6]  51.00-52.00  sec  0.00 Bytes  0.00 bits/sec   28   8.44 KBytes       
[  6]  52.00-53.00  sec  0.00 Bytes  0.00 bits/sec    0   8.44 KBytes       
[  6]  53.00-54.00  sec  0.00 Bytes  0.00 bits/sec   21   29.5 KBytes       
[  6]  54.00-55.00  sec  0.00 Bytes  0.00 bits/sec    0   53.4 KBytes       
[  6]  55.00-56.00  sec  0.00 Bytes  0.00 bits/sec    1   60.5 KBytes       
[  6]  56.00-57.00  sec  0.00 Bytes  0.00 bits/sec    2   45.0 KBytes       
[  6]  57.00-58.00  sec  0.00 Bytes  0.00 bits/sec    1   49.2 KBytes       
[  6]  58.00-59.00  sec  0.00 Bytes  0.00 bits/sec    1   49.2 KBytes       
[  6]  59.00-60.00  sec  0.00 Bytes  0.00 bits/sec    1   57.7 KBytes       
[  6]  60.00-61.00  sec  0.00 Bytes  0.00 bits/sec    1   63.3 KBytes       
[  6]  61.00-62.00  sec  0.00 Bytes  0.00 bits/sec    2   47.8 KBytes       
[  6]  62.00-63.00  sec  0.00 Bytes  0.00 bits/sec    1   47.8 KBytes       
[  6]  63.00-64.00  sec  0.00 Bytes  0.00 bits/sec    1   54.8 KBytes       
[  6]  64.00-65.00  sec  0.00 Bytes  0.00 bits/sec    1   60.5 KBytes       
[  6]  65.00-66.00  sec  0.00 Bytes  0.00 bits/sec    2   45.0 KBytes       
[  6]  66.00-67.00  sec  0.00 Bytes  0.00 bits/sec    1   53.4 KBytes       
[  6]  67.00-68.00  sec  0.00 Bytes  0.00 bits/sec    1   49.2 KBytes       
[  6]  68.00-69.00  sec  0.00 Bytes  0.00 bits/sec    1   54.8 KBytes       
[  6]  69.00-70.00  sec  0.00 Bytes  0.00 bits/sec    2   43.6 KBytes       
[  6]  70.00-71.00  sec  0.00 Bytes  0.00 bits/sec    1   46.4 KBytes       
[  6]  71.00-72.00  sec  0.00 Bytes  0.00 bits/sec    1   49.2 KBytes       
[  6]  72.00-73.00  sec  0.00 Bytes  0.00 bits/sec    1   50.6 KBytes       
[  6]  73.00-74.00  sec  0.00 Bytes  0.00 bits/sec    1   54.8 KBytes       
[  6]  74.00-75.00  sec  0.00 Bytes  0.00 bits/sec    1   54.8 KBytes       
[  6]  75.00-76.00  sec  41.9 MBytes   351 Mbits/sec    1   59.1 KBytes       
[  6]  76.00-77.00  sec  0.00 Bytes  0.00 bits/sec    2   46.4 KBytes       
[  6]  77.00-78.00  sec  0.00 Bytes  0.00 bits/sec    1   53.4 KBytes       
[  6]  78.00-79.00  sec  0.00 Bytes  0.00 bits/sec    1   49.2 KBytes       
[  6]  79.00-80.00  sec  0.00 Bytes  0.00 bits/sec    1   54.8 KBytes       
[  6]  80.00-81.00  sec  0.00 Bytes  0.00 bits/sec    1   60.5 KBytes       
[  6]  81.00-82.00  sec  0.00 Bytes  0.00 bits/sec    1   60.5 KBytes       
[  6]  82.00-83.00  sec  0.00 Bytes  0.00 bits/sec    1   59.1 KBytes       
[  6]  83.00-84.00  sec  0.00 Bytes  0.00 bits/sec    2   61.9 KBytes       
[  6]  84.00-85.00  sec  0.00 Bytes  0.00 bits/sec    1   49.2 KBytes       
[  6]  85.00-86.00  sec  0.00 Bytes  0.00 bits/sec    1   56.2 KBytes       
[  6]  86.00-87.00  sec  0.00 Bytes  0.00 bits/sec    1   54.8 KBytes       
[  6]  87.00-88.00  sec  0.00 Bytes  0.00 bits/sec    2   42.2 KBytes       
[  6]  88.00-89.00  sec  0.00 Bytes  0.00 bits/sec    1   50.6 KBytes       
[  6]  89.00-90.00  sec  0.00 Bytes  0.00 bits/sec    1   54.8 KBytes       
[  6]  90.00-91.00  sec  0.00 Bytes  0.00 bits/sec    1   57.7 KBytes       
[  6]  91.00-92.00  sec  0.00 Bytes  0.00 bits/sec    1   63.3 KBytes       
[  6]  92.00-93.00  sec  0.00 Bytes  0.00 bits/sec    2   47.8 KBytes       
[  6]  93.00-94.00  sec  0.00 Bytes  0.00 bits/sec    1   52.0 KBytes       
[  6]  94.00-95.00  sec  0.00 Bytes  0.00 bits/sec    1   52.0 KBytes       
[  6]  95.00-96.00  sec  0.00 Bytes  0.00 bits/sec    1   59.1 KBytes       
[  6]  96.00-97.00  sec  0.00 Bytes  0.00 bits/sec    2   49.2 KBytes       
[  6]  97.00-98.00  sec  0.00 Bytes  0.00 bits/sec    1   52.0 KBytes       
[  6]  98.00-99.00  sec  41.9 MBytes   351 Mbits/sec    1   52.0 KBytes       
[  6]  99.00-100.00 sec  0.00 Bytes  0.00 bits/sec    1   1.41 KBytes       
[  6] 100.00-101.00 sec  0.00 Bytes  0.00 bits/sec    2   1.41 KBytes       
[  6] 101.00-102.00 sec  0.00 Bytes  0.00 bits/sec    0   1.41 KBytes       
[  6] 102.00-103.00 sec  0.00 Bytes  0.00 bits/sec    1   1.41 KBytes       
[  6] 103.00-104.00 sec  0.00 Bytes  0.00 bits/sec    0   1.41 KBytes       
[  6] 104.00-105.00 sec  0.00 Bytes  0.00 bits/sec    0   1.41 KBytes       
[  6] 105.00-106.00 sec  0.00 Bytes  0.00 bits/sec    0   1.41 KBytes       
[  6] 106.00-106.61 sec  0.00 Bytes  0.00 bits/sec    0   1.41 KBytes       
- - - - - - - - - - - - - - - - - - - - - - - - -
[ ID] Interval           Transfer     Bitrate         Retr
[  6]   0.00-106.61 sec   292 MBytes  23.0 Mbits/sec  246            sender
[  6]   0.00-106.61 sec  0.00 Bytes  0.00 bits/sec                  receiver
iperf3: interrupt - the client has terminated by signal Interrupt(2)
